

Microchip MPLAB XC8 Assembler V2.40 build 20220703182018 
                                                                                                           Tue Dec 13 10:49:46 2022


     1                           	processor	18F87K22
     2                           	pagewidth 132
     3                           	psect	udata_acs,global,class=COMRAM,space=1,delta=1,lowdata,noexec
     4                           	psect	udata_bank0,global,class=BANK0,space=1,delta=1,lowdata,noexec
     5                           	psect	udata_bank1,global,class=BANK1,space=1,delta=1,lowdata,noexec
     6                           	psect	udata_bank2,global,class=BANK2,space=1,delta=1,lowdata,noexec
     7                           	psect	udata_bank3,global,class=BANK3,space=1,delta=1,lowdata,noexec
     8                           	psect	udata_bank4,global,class=BANK4,space=1,delta=1,lowdata,noexec
     9                           	psect	udata_bank5,global,class=BANK5,space=1,delta=1,lowdata,noexec
    10                           	psect	udata_bank6,global,class=BANK6,space=1,delta=1,lowdata,noexec
    11                           	psect	udata_bank7,global,class=BANK7,space=1,delta=1,lowdata,noexec
    12                           	psect	udata_bank8,global,class=BANK8,space=1,delta=1,lowdata,noexec
    13                           	psect	udata_bank9,global,class=BANK9,space=1,delta=1,lowdata,noexec
    14                           	psect	udata_bank10,global,class=BANK10,space=1,delta=1,lowdata,noexec
    15                           	psect	udata_bank11,global,class=BANK11,space=1,delta=1,lowdata,noexec
    16                           	psect	udata_bank12,global,class=BANK12,space=1,delta=1,lowdata,noexec
    17                           	psect	udata_bank13,global,class=BANK13,space=1,delta=1,lowdata,noexec
    18                           	psect	udata_bank14,global,class=BANK14,space=1,delta=1,lowdata,noexec
    19                           	psect	udata_bank15,global,class=BANK15,space=1,delta=1,lowdata,noexec
    20                           	psect	udata,global,class=RAM,space=1,delta=1,noexec
    21                           	psect	code,global,reloc=2,class=CODE,delta=1
    22                           	psect	data,global,reloc=2,class=CONST,delta=1,noexec
    23                           	psect	edata,global,class=EEDATA,space=3,delta=2,noexec
    24                           	psect	adc_code,global,class=CODE,delta=1
    25   000000                     
    26                           	psect	edata
    27   000000                     stk_offset	set	0
    28   000000                     auto_size	set	0
    29                           
    30                           ; stack_auto defines a symbol /name/_offset which equates to the
    31                           ; stack offset of the auto object in question
    32   000000                     
    33                           ; stack_param defines a symbol /name/_offset which equates to the
    34                           ; stack offset of the parameter object in question
    35   000000                     
    36                           ; alloc_stack adjusts the SP to allocate space for auto objects
    37                           ; it also links in to the btemp symbol so that can be used
    38   000000                     
    39                           ; restore_stack adjusts the SP to remove all auto and parameter
    40                           ; objects from the stack prior to returning from a function
    41   000000                     
    42                           	psect	adc_code
    43   01C690                     ADC_Setup:
    44                           	callstack 0
    45   01C690  8092               	bsf	3986,0,c	; pin ((PORTA) and 0FFh), 0, a==((PORTA) and 0FFh), 0, a input
    46   01C692  010F               	movlb	15
    47   01C694  8125               	bsf	37,0,b	; set ((PORTA) and 0FFh), 0, a to analog
    48   01C696  0100               	movlb	0
    49   01C698  0E01               	movlw	1	; select ((PORTA) and 0FFh), 0, a for measurement
    50   01C69A  6EC2               	movwf	4034,c	; and turn ADC on
    51   01C69C  0E30               	movlw	48	; Select 4.096V positive reference
    52   01C69E  6EC1               	movwf	4033,c	; 0V for -ve reference and -ve input
    53   01C6A0  0EF6               	movlw	246	; Right justified output
    54   01C6A2  6EC0               	movwf	4032,c	; Fosc/64 clock and acquisition times
    55   01C6A4  0012               	return	
    56   01C6A6                     ADC_Read:
    57                           	callstack 0
    58   01C6A6  82C2               	bsf	194,1,c	; Start conversion by setting ((ADCON0) and 0FFh), 1, a bit in ADCON0
    59   01C6A8                     adc_loop:
    60   01C6A8  B2C2               	btfsc	194,1,c	; check to see if finished
    61   01C6AA  D7FE               	bra	adc_loop
    62   01C6AC  0012               	return	
    63                           tosu	equ	0xFFF
    64                           tosh	equ	0xFFE
    65                           tosl	equ	0xFFD
    66                           stkptr	equ	0xFFC
    67                           pclatu	equ	0xFFB
    68                           pclath	equ	0xFFA
    69                           pcl	equ	0xFF9
    70                           tblptru	equ	0xFF8
    71                           tblptrh	equ	0xFF7
    72                           tblptrl	equ	0xFF6
    73                           tablat	equ	0xFF5
    74                           prodh	equ	0xFF4
    75                           prodl	equ	0xFF3
    76                           indf0	equ	0xFEF
    77                           postinc0	equ	0xFEE
    78                           postdec0	equ	0xFED
    79                           preinc0	equ	0xFEC
    80                           plusw0	equ	0xFEB
    81                           fsr0h	equ	0xFEA
    82                           fsr0l	equ	0xFE9
    83                           wreg	equ	0xFE8
    84                           indf1	equ	0xFE7
    85                           postinc1	equ	0xFE6
    86                           postdec1	equ	0xFE5
    87                           preinc1	equ	0xFE4
    88                           plusw1	equ	0xFE3
    89                           fsr1h	equ	0xFE2
    90                           fsr1l	equ	0xFE1
    91                           bsr	equ	0xFE0
    92                           indf2	equ	0xFDF
    93                           postinc2	equ	0xFDE
    94                           postdec2	equ	0xFDD
    95                           preinc2	equ	0xFDC
    96                           plusw2	equ	0xFDB
    97                           fsr2h	equ	0xFDA
    98                           fsr2l	equ	0xFD9
    99                           status	equ	0xFD8


Microchip Technology PIC18 Macro Assembler V2.40 build 20220703182018 
Symbol Table                                                                                               Tue Dec 13 10:49:46 2022

                           TRISA 000F92                            ADCON0 000FC2                            ADCON1 000FC1  
                          ADCON2 000FC0                            ANCON0 000F25                           isa$std 000001  
                        ADC_Read C6A6                          adc_loop C6A8                         ADC_Setup C690  
                  PORTA_RA0_POSN 000000                         isa$xinst 000000  
