

Microchip MPLAB XC8 Assembler V2.40 build 20220703182018 
                                                                                                           Thu Dec 15 12:10:38 2022


     1                           	processor	18F87K22
     2                           	pagewidth 132
     3                           	psect	udata_acs,global,class=COMRAM,space=1,delta=1,lowdata,noexec
     4                           	psect	udata_bank0,global,class=BANK0,space=1,delta=1,lowdata,noexec
     5                           	psect	udata_bank1,global,class=BANK1,space=1,delta=1,lowdata,noexec
     6                           	psect	udata_bank2,global,class=BANK2,space=1,delta=1,lowdata,noexec
     7                           	psect	udata_bank3,global,class=BANK3,space=1,delta=1,lowdata,noexec
     8                           	psect	udata_bank4,global,class=BANK4,space=1,delta=1,lowdata,noexec
     9                           	psect	udata_bank5,global,class=BANK5,space=1,delta=1,lowdata,noexec
    10                           	psect	udata_bank6,global,class=BANK6,space=1,delta=1,lowdata,noexec
    11                           	psect	udata_bank7,global,class=BANK7,space=1,delta=1,lowdata,noexec
    12                           	psect	udata_bank8,global,class=BANK8,space=1,delta=1,lowdata,noexec
    13                           	psect	udata_bank9,global,class=BANK9,space=1,delta=1,lowdata,noexec
    14                           	psect	udata_bank10,global,class=BANK10,space=1,delta=1,lowdata,noexec
    15                           	psect	udata_bank11,global,class=BANK11,space=1,delta=1,lowdata,noexec
    16                           	psect	udata_bank12,global,class=BANK12,space=1,delta=1,lowdata,noexec
    17                           	psect	udata_bank13,global,class=BANK13,space=1,delta=1,lowdata,noexec
    18                           	psect	udata_bank14,global,class=BANK14,space=1,delta=1,lowdata,noexec
    19                           	psect	udata_bank15,global,class=BANK15,space=1,delta=1,lowdata,noexec
    20                           	psect	udata,global,class=RAM,space=1,delta=1,noexec
    21                           	psect	code,global,reloc=2,class=CODE,delta=1
    22                           	psect	data,global,reloc=2,class=CONST,delta=1,noexec
    23                           	psect	edata,global,class=EEDATA,space=3,delta=2,noexec
    24                           	psect	table_code,global,class=CODE,delta=1
    25   000000                     
    26                           	psect	udata_acs
    27   000010                     len_style_1:
    28                           	callstack 0
    29   000010                     	ds	1
    30   000011                     len_style_2:
    31                           	callstack 0
    32   000011                     	ds	1
    33   000012                     len_style_3:
    34                           	callstack 0
    35   000012                     	ds	1
    36   000013                     len_hour:
    37                           	callstack 0
    38   000013                     	ds	1
    39   000014                     len_minute:
    40                           	callstack 0
    41   000014                     	ds	1
    42   000015                     len_second:
    43                           	callstack 0
    44   000015                     	ds	1
    45   000016                     style_number:
    46                           	callstack 0
    47   000016                     	ds	1
    48                           
    49                           	psect	edata
    50   000000                     stk_offset	set	0
    51   000000                     auto_size	set	0
    52                           
    53                           ; stack_auto defines a symbol /name/_offset which equates to the
    54                           ; stack offset of the auto object in question
    55   000000                     
    56                           ; stack_param defines a symbol /name/_offset which equates to the
    57                           ; stack offset of the parameter object in question
    58   000000                     
    59                           ; alloc_stack adjusts the SP to allocate space for auto objects
    60                           ; it also links in to the btemp symbol so that can be used
    61   000000                     
    62                           ; restore_stack adjusts the SP to remove all auto and parameter
    63                           ; objects from the stack prior to returning from a function
    64   000000                     
    65                           	psect	table_code
    66   01CB4A                     clock_circle_1:
    67                           	callstack 0
    68   01CB4A  7F E8 84 E8 89 E7 8F E7 94 E6 99 E5 9E E3 A3 E2 A8 E0 AD DE B1 DB B6 D9 BA D6 BE D3 C2 CF C6 CC CA C8 CE C4 D1 C0 D4 BC D7 B8 DA B3 DC AF DF AA E1 A5 E3 A0 E4 9B E5 96 E6 91 E7 8C E8 87 E8 82 E8 7C E8 77 E7 72 E6 6D E5 68 E4 63 E3 5E E1 59 DF 54 DC 4F DA 4A D7 46 D4 42 D1 3E CE 3A CA 36 C6 32 C2 2F BE 2B BA 28 B6 25 B1 23 AD 20 A8 1E A3 1C 9E 1B 99 19 94 18 8F 17 89 17 84 16 7F 16 7A 16 75 17 6F 17 6A 18 65 19 60 1B 5B 1C 56 1E 51 20 4D 23 48 25 44 28 40 2B 3C 2F 38 32 34 36 30 3A 2D 3E 2A 42 27 46 24 4B 22 4F 1F 54 1D 59 1B 5E 1A 63 19 68 18 6D 17 72 16 77 16 7C 16 82 16 87 17 8C 18 91 19 96 1A 9B 1B A0 1D A5 1F AA 22 AF 24 B4 27 B8 2A BC 2D C0 30 C4 34 C8 38 CC 3C CF 40 D3 44 D6 48 D9 4D DB 51 DE 56 E0 5B E2 60 E3 65 E5 6A E6 6F E7 75 E7 7A E8 7F E8 	db	127,232,132,232,137,231,143,231,148,230,153,229,158,227,163,226,168,224,173,222,177,219,182,217,
      +                          186,214,190,211,194,207,198,204,202,200,206,196,209,192,212,188,215,184,218,179,220,175,223,170,225,
      +                          165,227,160,228,155,229,150,230,145,231,140,232,135,232,130,232,124,232,119,231,114,230,109,229,104,
      +                          228,99,227,94,225,89,223,84,220,79,218,74,215,70,212,66,209,62,206,58,202,54,198,50,194,47,190,43,18
      +                          6,40,182,37,177,35,173,32,168,30,163,28,158,27,153,25,148,24,143,23,137,23,132,22,127,22,122,22,117,
      +                          23,111,23,106,24,101,25,96,27,91,28,86,30,81,32,77,35,72,37,68,40,64,43,60,47,56,50,52,54,48,58,45,6
      +                          2,42,66,39,70,36,75,34,79,31,84,29,89,27,94,26,99,25,104,24,109,23,114,22,119,22,124,22,130,22,135,2
      +                          3,140,24,145,25,150,26,155,27,160,29,165,31,170,34,175,36,180,39,184,42,188,45,192,48,196,52,200,56,
      +                          204,60,207,64,211,68,214,72,217,77,219,81,222,86,224,91,226,96,227,101,229,106,230,111,231,117,231,1
      +                          22,232,127,232
    69   01CC48                     	align	2
    70   01CC48                     clock_circle_2:
    71                           	callstack 0
    72   01CC48  82 E8 87 E8 8C E7 91 E6 96 E5 9B E4 A0 E3 A5 E1 AA DF AF DC B3 DA B8 D7 BC D4 C0 D1 C4 CE C8 CA CC C6 CF C3 D3 BE D6 BA D9 B6 DB B1 DE AD E0 A8 E2 A3 E3 9E E5 99 E6 94 E7 8F E7 89 E8 84 E8 7F E8 7A E7 75 E7 6F E6 6A E5 65 E3 60 E2 5B E0 56 DE 51 DB 4D D9 48 D6 44 D3 40 CF 3C CC 38 C8 34 C4 30 C0 2D BC 2A B8 27 B4 24 AF 22 AA 1F A5 1D A0 1B 9B 1A 96 19 91 18 8C 17 87 16 82 16 7C 16 77 16 72 17 6D 18 68 19 63 1A 5E 1B 59 1D 54 1F 4F 22 4B 24 46 27 42 2A 3E 2D 3A 30 36 34 32 38 2F 3B 2B 40 28 44 25 48 23 4D 20 51 1E 56 1C 5B 1B 60 19 65 18 6A 17 6F 17 75 16 7A 16 7F 16 84 17 89 17 8F 18 94 19 99 1B 9E 1C A3 1E A8 20 AD 23 B1 25 B6 28 BA 2B BE 2F C2 32 C6 36 CA 3A CE 3E D1 42 D4 46 D7 4A DA 4F DC 54 DF 59 E1 5E E3 63 E4 68 E5 6D E6 72 E7 77 E8 7C E8 82 E8 	db	130,232,135,232,140,231,145,230,150,229,155,228,160,227,165,225,170,223,175,220,179,218,184,215,
      +                          188,212,192,209,196,206,200,202,204,198,207,195,211,190,214,186,217,182,219,177,222,173,224,168,226,
      +                          163,227,158,229,153,230,148,231,143,231,137,232,132,232,127,232,122,231,117,231,111,230,106,229,101,
      +                          227,96,226,91,224,86,222,81,219,77,217,72,214,68,211,64,207,60,204,56,200,52,196,48,192,45,188,42,18
      +                          4,39,180,36,175,34,170,31,165,29,160,27,155,26,150,25,145,24,140,23,135,22,130,22,124,22,119,22,114,
      +                          23,109,24,104,25,99,26,94,27,89,29,84,31,79,34,75,36,70,39,66,42,62,45,58,48,54,52,50,56,47,59,43,64
      +                          ,40,68,37,72,35,77,32,81,30,86,28,91,27,96,25,101,24,106,23,111,23,117,22,122,22,127,22,132,23,137,2
      +                          3,143,24,148,25,153,27,158,28,163,30,168,32,173,35,177,37,182,40,186,43,190,47,194,50,198,54,202,58,
      +                          206,62,209,66,212,70,215,74,218,79,220,84,223,89,225,94,227,99,228,104,229,109,230,114,231,119,232,1
      +                          24,232,130,232
    73   01CD46                     	align	2
    74   01CD46                     clock_style_1:
    75                           	callstack 0
    76   01CD46  00 00              	db	0,0
    77   01CD48                     	align	2
    78   01CD48                     clock_style_2:
    79                           	callstack 0
    80   01CD48  7F E0 AF D3 D3 B0 E0 7F D3 4F B0 2B 7F 1E 4F 2B 2B 4E 1E 7F 2B AF 4E D3 7F E0 7F E2 B0 D5 D5 B1 E2 7F D5 4E B1 29 7F 1C 4E 29 29 4D 1C 7F 29 B0 4D D5 7F E2 7F E4 B1 D6 D6 B2 E4 7F D6 4D B2 28 7F 1A 4D 28 28 4C 1A 7F 28 B1 4C D6 7F E4 7F E6 B2 D8 D8 B3 E6 7F D8 4C B3 26 7F 18 4C 26 26 4B 18 7F 26 B2 4B D8 7F E6 	db	127,224,175,211,211,176,224,127,211,79,176,43,127,30,79,43,43,78,30,127,43,175,78,211,127,224,12
      +                          7,226,176,213,213,177,226,127,213,78,177,41,127,28,78,41,41,77,28,127,41,176,77,213,127,226,127,228,
      +                          177,214,214,178,228,127,214,77,178,40,127,26,77,40,40,76,26,127,40,177,76,214,127,228,127,230,178,21
      +                          6,216,179,230,127,216,76,179,38,127,24,76,38,38,75,24,127,38,178,75,216,127,230
    81   01CDB0                     	align	2
    82   01CDB0                     alarm_table:
    83                           	callstack 0
    84   01CDB0  7F 81 84 86 89 8B 8E 90 93 95 98 9A 9C 9F A1 A3 A6 A8 AA AC AF B1 B3 B5 B7 B9 BB BD BF C1 C3 C5 C6 C8 CA CB CD CE D0 D1 D3 D4 D5 D7 D8 D9 DA DB DC DD DE DE DF E0 E0 E1 E1 E2 E2 E2 E3 E3 E3 E3 E3 E3 E3 E3 E2 E2 E2 E1 E1 E0 DF DF DE DD DC DB DA D9 D8 D7 D6 D5 D3 D2 D1 CF CE CC CB C9 C7 C5 C4 C2 C0 BE BC BA B8 B6 B4 B2 B0 AE AB A9 A7 A5 A2 A0 9E 9B 99 96 94 92 8F 8D 8A 88 85 83 80 7E 7B 79 76 74 71 6F 6C 6A 68 65 63 60 5E 5C 59 57 55 53 50 4E 4C 4A 48 46 44 42 40 3E 3C 3A 39 37 35 33 32 30 2F 2D 2C 2B 29 28 27 26 25 24 23 22 21 20 1F 1F 1E 1D 1D 1C 1C 1C 1B 1B 1B 1B 1B 1B 1B 1B 1C 1C 1C 1D 1D 1E 1E 1F 20 20 21 22 23 24 25 26 27 29 2A 2B 2D 2E 30 31 33 34 36 38 39 3B 3D 3F 41 43 45 47 49 4B 4D 4F 52 54 56 58 5B 5D 5F 62 64 66 69 6B 6E 70 73 75 78 7A 7D 7F 	db	127,129,132,134,137,139,142,144,147,149,152,154,156,159,161,163,166,168,170,172,175,177,179,181,
      +                          183,185,187,189,191,193,195,197,198,200,202,203,205,206,208,209,211,212,213,215,216,217,218,219,220,
      +                          221,222,222,223,224,224,225,225,226,226,226,227,227,227,227,227,227,227,227,226,226,226,225,225,224,
      +                          223,223,222,221,220,219,218,217,216,215,214,213,211,210,209,207,206,204,203,201,199,197,196,194,192,
      +                          190,188,186,184,182,180,178,176,174,171,169,167,165,162,160,158,155,153,150,148,146,143,141,138,136,
      +                          133,131,128,126,123,121,118,116,113,111,108,106,104,101,99,96,94,92,89,87,85,83,80,78,76,74,72,70,68
      +                          ,66,64,62,60,58,57,55,53,51,50,48,47,45,44,43,41,40,39,38,37,36,35,34,33,32,31,31,30,29,29,28,28,28,
      +                          27,27,27,27,27,27,27,27,28,28,28,29,29,30,30,31,32,32,33,34,35,36,37,38,39,41,42,43,45,46,48,49,51,5
      +                          2,54,56,57,59,61,63,65,67,69,71,73,75,77,79,82,84,86,88,91,93,95,98,100,102,105,107,110,112,115,117,
      +                          120,122,125,127
    85   01CEAE                     	align	2
    86   01CEAE                     hand0:
    87                           	callstack 0
    88   01CEAE  7F 7F 7F 81 7F 83 7F 85 7F 87 7F 89 7F 8B 7F 8D 7F 8F 7F 91 7F 93 7F 95 7F 97 7F 99 7F 9B 7F 9D 7F 9F 7F A1 7F A3 7F A5 7F A7 7F A9 7F AB 7F AD 7F AF 7F B1 7F B3 7F B5 7F B7 7F B9 7F BB 7F BD 7F BF 7F C1 7F C3 7F C5 7F C7 7F C9 7F CB 7F CD 7F CF 7F D1 7F D3 7F D5 7F D7 7F D9 	db	127,127,127,129,127,131,127,133,127,135,127,137,127,139,127,141,127,143,127,145,127,147,127,149,
      +                          127,151,127,153,127,155,127,157,127,159,127,161,127,163,127,165,127,167,127,169,127,171,127,173,127,
      +                          175,127,177,127,179,127,181,127,183,127,185,127,187,127,189,127,191,127,193,127,195,127,197,127,199,
      +                          127,201,127,203,127,205,127,207,127,209,127,211,127,213,127,215,127,217
    89   01CF0A                     	align	2
    90   01CF0A                     hand1:
    91                           	callstack 0
    92   01CF0A  7F 7F 7F 81 7F 83 80 85 80 87 80 89 80 8B 80 8D 81 8F 81 91 81 93 81 95 82 97 82 99 82 9B 82 9D 82 9F 83 A1 83 A3 83 A5 83 A7 83 A9 84 AB 84 AD 84 AF 84 B1 84 B3 85 B5 85 B7 85 B9 85 BB 85 BD 86 BF 86 C1 86 C3 86 C5 87 C7 87 C9 87 CB 87 CD 87 CF 88 D1 88 D3 88 D5 88 D7 88 D9 	db	127,127,127,129,127,131,128,133,128,135,128,137,128,139,128,141,129,143,129,145,129,147,129,149,
      +                          130,151,130,153,130,155,130,157,130,159,131,161,131,163,131,165,131,167,131,169,132,171,132,173,132,
      +                          175,132,177,132,179,133,181,133,183,133,185,133,187,133,189,134,191,134,193,134,195,134,197,135,199,
      +                          135,201,135,203,135,205,135,207,136,209,136,211,136,213,136,215,136,217
    93   01CF66                     	align	2
    94   01CF66                     hand2:
    95                           	callstack 0
    96   01CF66  7F 7F 7F 81 80 83 80 85 81 87 81 89 81 8B 82 8D 82 8F 83 91 83 93 84 95 84 96 84 98 85 9A 85 9C 86 9E 86 A0 86 A2 87 A4 87 A6 88 A8 88 AA 89 AC 89 AE 89 B0 8A B2 8A B4 8B B6 8B B8 8B BA 8C BC 8C BE 8D C0 8D C2 8E C3 8E C5 8E C7 8F C9 8F CB 90 CD 90 CF 90 D1 91 D3 91 D5 92 D7 	db	127,127,127,129,128,131,128,133,129,135,129,137,129,139,130,141,130,143,131,145,131,147,132,149,
      +                          132,150,132,152,133,154,133,156,134,158,134,160,134,162,135,164,135,166,136,168,136,170,137,172,137,
      +                          174,137,176,138,178,138,180,139,182,139,184,139,186,140,188,140,190,141,192,141,194,142,195,142,197,
      +                          142,199,143,201,143,203,144,205,144,207,144,209,145,211,145,213,146,215
    97   01CFC2                     	align	2
    98   01CFC2                     hand3:
    99                           	callstack 0
   100   01CFC2  7F 7F 80 81 80 83 81 85 81 87 82 89 83 8A 83 8C 84 8E 85 90 85 92 86 94 86 96 87 98 88 9A 88 9C 89 9D 8A 9F 8A A1 8B A3 8B A5 8C A7 8D A9 8D AB 8E AD 8E AF 8F B0 90 B2 90 B4 91 B6 92 B8 92 BA 93 BC 93 BE 94 C0 95 C2 95 C3 96 C5 96 C7 97 C9 98 CB 98 CD 99 CF 9A D1 9A D3 9B D5 	db	127,127,128,129,128,131,129,133,129,135,130,137,131,138,131,140,132,142,133,144,133,146,134,148,
      +                          134,150,135,152,136,154,136,156,137,157,138,159,138,161,139,163,139,165,140,167,141,169,141,171,142,
      +                          173,142,175,143,176,144,178,144,180,145,182,146,184,146,186,147,188,147,190,148,192,149,194,149,195,
      +                          150,197,150,199,151,201,152,203,152,205,153,207,154,209,154,211,155,213
   101   01D01E                     	align	2
   102   01D01E                     hand4:
   103                           	callstack 0
   104   01D01E  7F 7F 80 81 81 83 81 84 82 86 83 88 84 8A 85 8C 86 8E 86 8F 87 91 88 93 89 95 8A 97 8A 99 8B 9A 8C 9C 8D 9E 8E A0 8E A2 8F A4 90 A5 91 A7 92 A9 93 AB 93 AD 94 AF 95 B0 96 B2 97 B4 97 B6 98 B8 99 B9 9A BB 9B BD 9B BF 9C C1 9D C3 9E C4 9F C6 A0 C8 A0 CA A1 CC A2 CE A3 CF A4 D1 	db	127,127,128,129,129,131,129,132,130,134,131,136,132,138,133,140,134,142,134,143,135,145,136,147,
      +                          137,149,138,151,138,153,139,154,140,156,141,158,142,160,142,162,143,164,144,165,145,167,146,169,147,
      +                          171,147,173,148,175,149,176,150,178,151,180,151,182,152,184,153,185,154,187,155,189,155,191,156,193,
      +                          157,195,158,196,159,198,160,200,160,202,161,204,162,206,163,207,164,209
   105   01D07A                     	align	2
   106   01D07A                     hand5:
   107                           	callstack 0
   108   01D07A  7F 7F 80 81 81 82 82 84 83 86 84 88 85 89 86 8B 87 8D 88 8F 89 90 8A 92 8B 94 8C 96 8D 97 8E 99 8F 9B 90 9C 91 9E 92 A0 93 A2 94 A3 95 A5 96 A7 97 A9 98 AA 99 AC 9A AE 9B AF 9C B1 9D B3 9E B5 9F B6 A0 B8 A1 BA A2 BC A3 BD A4 BF A5 C1 A6 C3 A7 C4 A8 C6 A9 C8 AA C9 AB CB AC CD 	db	127,127,128,129,129,130,130,132,131,134,132,136,133,137,134,139,135,141,136,143,137,144,138,146,
      +                          139,148,140,150,141,151,142,153,143,155,144,156,145,158,146,160,147,162,148,163,149,165,150,167,151,
      +                          169,152,170,153,172,154,174,155,175,156,177,157,179,158,181,159,182,160,184,161,186,162,188,163,189,
      +                          164,191,165,193,166,195,167,196,168,198,169,200,170,201,171,203,172,205
   109   01D0D6                     	align	2
   110   01D0D6                     hand6:
   111                           	callstack 0
   112   01D0D6  7F 7F 80 81 81 82 83 84 84 85 85 87 86 89 87 8A 88 8C 8A 8E 8B 8F 8C 91 8D 92 8E 94 8F 96 91 97 92 99 93 9B 94 9C 95 9E 97 9F 98 A1 99 A3 9A A4 9B A6 9C A7 9E A9 9F AB A0 AC A1 AE A2 B0 A3 B1 A5 B3 A6 B4 A7 B6 A8 B8 A9 B9 AA BB AC BC AD BE AE C0 AF C1 B0 C3 B2 C5 B3 C6 B4 C8 	db	127,127,128,129,129,130,131,132,132,133,133,135,134,137,135,138,136,140,138,142,139,143,140,145,
      +                          141,146,142,148,143,150,145,151,146,153,147,155,148,156,149,158,151,159,152,161,153,163,154,164,155,
      +                          166,156,167,158,169,159,171,160,172,161,174,162,176,163,177,165,179,166,180,167,182,168,184,169,185,
      +                          170,187,172,188,173,190,174,192,175,193,176,195,178,197,179,198,180,200
   113   01D132                     	align	2
   114   01D132                     hand7:
   115                           	callstack 0
   116   01D132  7F 7F 80 80 82 82 83 83 84 85 86 86 87 88 88 89 8A 8B 8B 8C 8C 8E 8E 8F 8F 91 90 92 92 94 93 95 94 97 96 98 97 9A 98 9B 9A 9D 9B 9E 9C A0 9E A1 9F A3 A0 A4 A2 A6 A3 A7 A4 A9 A6 AA A7 AC A8 AD AA AF AB B0 AD B2 AE B3 AF B5 B1 B6 B2 B7 B3 B9 B5 BA B6 BC B7 BD B9 BF BA C0 BB C2 	db	127,127,128,128,130,130,131,131,132,133,134,134,135,136,136,137,138,139,139,140,140,142,142,143,
      +                          143,145,144,146,146,148,147,149,148,151,150,152,151,154,152,155,154,157,155,158,156,160,158,161,159,
      +                          163,160,164,162,166,163,167,164,169,166,170,167,172,168,173,170,175,171,176,173,178,174,179,175,181,
      +                          177,182,178,183,179,185,181,186,182,188,183,189,185,191,186,192,187,194
   117   01D18E                     	align	2
   118   01D18E                     hand8:
   119                           	callstack 0
   120   01D18E  7F 7F 80 80 82 82 83 83 85 84 86 86 88 87 89 88 8B 8A 8C 8B 8E 8C 8F 8E 91 8F 92 90 94 92 95 93 97 94 98 96 9A 97 9B 98 9D 9A 9E 9B A0 9C A1 9E A3 9F A4 A0 A6 A2 A7 A3 A9 A4 AA A6 AC A7 AD A8 AF AA B0 AB B2 AD B3 AE B5 AF B6 B1 B7 B2 B9 B3 BA B5 BC B6 BD B7 BF B9 C0 BA C2 BB 	db	127,127,128,128,130,130,131,131,133,132,134,134,136,135,137,136,139,138,140,139,142,140,143,142,
      +                          145,143,146,144,148,146,149,147,151,148,152,150,154,151,155,152,157,154,158,155,160,156,161,158,163,
      +                          159,164,160,166,162,167,163,169,164,170,166,172,167,173,168,175,170,176,171,178,173,179,174,181,175,
      +                          182,177,183,178,185,179,186,181,188,182,189,183,191,185,192,186,194,187
   121   01D1EA                     	align	2
   122   01D1EA                     hand9:
   123                           	callstack 0
   124   01D1EA  7F 7F 81 80 82 81 84 83 85 84 87 85 89 86 8A 87 8C 88 8E 8A 8F 8B 91 8C 92 8D 94 8E 96 8F 97 91 99 92 9B 93 9C 94 9E 95 9F 97 A1 98 A3 99 A4 9A A6 9B A7 9C A9 9E AB 9F AC A0 AE A1 B0 A2 B1 A3 B3 A5 B4 A6 B6 A7 B8 A8 B9 A9 BB AA BC AC BE AD C0 AE C1 AF C3 B0 C5 B2 C6 B3 C8 B4 	db	127,127,129,128,130,129,132,131,133,132,135,133,137,134,138,135,140,136,142,138,143,139,145,140,
      +                          146,141,148,142,150,143,151,145,153,146,155,147,156,148,158,149,159,151,161,152,163,153,164,154,166,
      +                          155,167,156,169,158,171,159,172,160,174,161,176,162,177,163,179,165,180,166,182,167,184,168,185,169,
      +                          187,170,188,172,190,173,192,174,193,175,195,176,197,178,198,179,200,180
   125   01D246                     	align	2
   126   01D246                     hand10:
   127                           	callstack 0
   128   01D246  7F 7F 81 80 82 81 84 82 86 83 88 84 89 85 8B 86 8D 87 8F 88 90 89 92 8A 94 8B 96 8C 97 8D 99 8E 9B 8F 9C 90 9E 91 A0 92 A2 93 A3 94 A5 95 A7 96 A9 97 AA 98 AC 99 AE 9A AF 9B B1 9C B3 9D B5 9E B6 9F B8 A0 BA A1 BC A2 BD A3 BF A4 C1 A5 C3 A6 C4 A7 C6 A8 C8 A9 C9 AA CB AB CD AC 	db	127,127,129,128,130,129,132,130,134,131,136,132,137,133,139,134,141,135,143,136,144,137,146,138,
      +                          148,139,150,140,151,141,153,142,155,143,156,144,158,145,160,146,162,147,163,148,165,149,167,150,169,
      +                          151,170,152,172,153,174,154,175,155,177,156,179,157,181,158,182,159,184,160,186,161,188,162,189,163,
      +                          191,164,193,165,195,166,196,167,198,168,200,169,201,170,203,171,205,172
   129   01D2A2                     	align	2
   130   01D2A2                     hand11:
   131                           	callstack 0
   132   01D2A2  7F 7F 81 80 83 81 84 81 86 82 88 83 8A 84 8C 85 8E 86 8F 86 91 87 93 88 95 89 97 8A 99 8A 9A 8B 9C 8C 9E 8D A0 8E A2 8E A4 8F A5 90 A7 91 A9 92 AB 93 AD 93 AF 94 B0 95 B2 96 B4 97 B6 97 B8 98 B9 99 BB 9A BD 9B BF 9B C1 9C C3 9D C4 9E C6 9F C8 A0 CA A0 CC A1 CE A2 CF A3 D1 A4 	db	127,127,129,128,131,129,132,129,134,130,136,131,138,132,140,133,142,134,143,134,145,135,147,136,
      +                          149,137,151,138,153,138,154,139,156,140,158,141,160,142,162,142,164,143,165,144,167,145,169,146,171,
      +                          147,173,147,175,148,176,149,178,150,180,151,182,151,184,152,185,153,187,154,189,155,191,155,193,156,
      +                          195,157,196,158,198,159,200,160,202,160,204,161,206,162,207,163,209,164
   133   01D2FE                     	align	2
   134   01D2FE                     hand12:
   135                           	callstack 0
   136   01D2FE  7F 7F 81 80 83 80 85 81 87 81 89 82 8A 83 8C 83 8E 84 90 85 92 85 94 86 96 86 98 87 9A 88 9C 88 9D 89 9F 8A A1 8A A3 8B A5 8B A7 8C A9 8D AB 8D AD 8E AF 8E B0 8F B2 90 B4 90 B6 91 B8 92 BA 92 BC 93 BE 93 C0 94 C2 95 C3 95 C5 96 C7 96 C9 97 CB 98 CD 98 CF 99 D1 9A D3 9A D5 9B 	db	127,127,129,128,131,128,133,129,135,129,137,130,138,131,140,131,142,132,144,133,146,133,148,134,
      +                          150,134,152,135,154,136,156,136,157,137,159,138,161,138,163,139,165,139,167,140,169,141,171,141,173,
      +                          142,175,142,176,143,178,144,180,144,182,145,184,146,186,146,188,147,190,147,192,148,194,149,195,149,
      +                          197,150,199,150,201,151,203,152,205,152,207,153,209,154,211,154,213,155
   137   01D35A                     	align	2
   138   01D35A                     hand13:
   139                           	callstack 0
   140   01D35A  7F 7F 81 7F 83 80 85 80 87 81 89 81 8B 81 8D 82 8F 82 91 83 93 83 95 84 96 84 98 84 9A 85 9C 85 9E 86 A0 86 A2 86 A4 87 A6 87 A8 88 AA 88 AC 89 AE 89 B0 89 B2 8A B4 8A B6 8B B8 8B BA 8B BC 8C BE 8C C0 8D C2 8D C3 8E C5 8E C7 8E C9 8F CB 8F CD 90 CF 90 D1 90 D3 91 D5 91 D7 92 	db	127,127,129,127,131,128,133,128,135,129,137,129,139,129,141,130,143,130,145,131,147,131,149,132,
      +                          150,132,152,132,154,133,156,133,158,134,160,134,162,134,164,135,166,135,168,136,170,136,172,137,174,
      +                          137,176,137,178,138,180,138,182,139,184,139,186,139,188,140,190,140,192,141,194,141,195,142,197,142,
      +                          199,142,201,143,203,143,205,144,207,144,209,144,211,145,213,145,215,146
   141   01D3B6                     	align	2
   142   01D3B6                     hand14:
   143                           	callstack 0
   144   01D3B6  7F 7F 81 7F 83 7F 85 80 87 80 89 80 8B 80 8D 80 8F 81 91 81 93 81 95 81 97 82 99 82 9B 82 9D 82 9F 82 A1 83 A3 83 A5 83 A7 83 A9 83 AB 84 AD 84 AF 84 B1 84 B3 84 B5 85 B7 85 B9 85 BB 85 BD 85 BF 86 C1 86 C3 86 C5 86 C7 87 C9 87 CB 87 CD 87 CF 87 D1 88 D3 88 D5 88 D7 88 D9 88 	db	127,127,129,127,131,127,133,128,135,128,137,128,139,128,141,128,143,129,145,129,147,129,149,129,
      +                          151,130,153,130,155,130,157,130,159,130,161,131,163,131,165,131,167,131,169,131,171,132,173,132,175,
      +                          132,177,132,179,132,181,133,183,133,185,133,187,133,189,133,191,134,193,134,195,134,197,134,199,135,
      +                          201,135,203,135,205,135,207,135,209,136,211,136,213,136,215,136,217,136
   145   01D412                     	align	2
   146   01D412                     hand15:
   147                           	callstack 0
   148   01D412  7F 7F 81 7F 83 7F 85 7F 87 7F 89 7F 8B 7F 8D 7F 8F 7F 91 7F 93 7F 95 7F 97 7F 99 7F 9B 7F 9D 7F 9F 7F A1 7F A3 7F A5 7F A7 7F A9 7F AB 7F AD 7F AF 7F B1 7F B3 7F B5 7F B7 7F B9 7F BB 7F BD 7F BF 7F C1 7F C3 7F C5 7F C7 7F C9 7F CB 7F CD 7F CF 7F D1 7F D3 7F D5 7F D7 7F D9 7F 	db	127,127,129,127,131,127,133,127,135,127,137,127,139,127,141,127,143,127,145,127,147,127,149,127,
      +                          151,127,153,127,155,127,157,127,159,127,161,127,163,127,165,127,167,127,169,127,171,127,173,127,175,
      +                          127,177,127,179,127,181,127,183,127,185,127,187,127,189,127,191,127,193,127,195,127,197,127,199,127,
      +                          201,127,203,127,205,127,207,127,209,127,211,127,213,127,215,127,217,127
   149   01D46E                     	align	2
   150   01D46E                     hand16:
   151                           	callstack 0
   152   01D46E  7F 7F 81 7F 83 7F 85 7E 87 7E 89 7E 8B 7E 8D 7E 8F 7D 91 7D 93 7D 95 7D 97 7C 99 7C 9B 7C 9D 7C 9F 7C A1 7B A3 7B A5 7B A7 7B A9 7B AB 7A AD 7A AF 7A B1 7A B3 7A B5 79 B7 79 B9 79 BB 79 BD 79 BF 78 C1 78 C3 78 C5 78 C7 77 C9 77 CB 77 CD 77 CF 77 D1 76 D3 76 D5 76 D7 76 D9 76 	db	127,127,129,127,131,127,133,126,135,126,137,126,139,126,141,126,143,125,145,125,147,125,149,125,
      +                          151,124,153,124,155,124,157,124,159,124,161,123,163,123,165,123,167,123,169,123,171,122,173,122,175,
      +                          122,177,122,179,122,181,121,183,121,185,121,187,121,189,121,191,120,193,120,195,120,197,120,199,119,
      +                          201,119,203,119,205,119,207,119,209,118,211,118,213,118,215,118,217,118
   153   01D4CA                     	align	2
   154   01D4CA                     hand17:
   155                           	callstack 0
   156   01D4CA  7F 7F 81 7F 83 7E 85 7E 87 7D 89 7D 8B 7D 8D 7C 8F 7C 91 7B 93 7B 95 7A 96 7A 98 7A 9A 79 9C 79 9E 78 A0 78 A2 78 A4 77 A6 77 A8 76 AA 76 AC 75 AE 75 B0 75 B2 74 B4 74 B6 73 B8 73 BA 73 BC 72 BE 72 C0 71 C2 71 C3 70 C5 70 C7 70 C9 6F CB 6F CD 6E CF 6E D1 6E D3 6D D5 6D D7 6C 	db	127,127,129,127,131,126,133,126,135,125,137,125,139,125,141,124,143,124,145,123,147,123,149,122,
      +                          150,122,152,122,154,121,156,121,158,120,160,120,162,120,164,119,166,119,168,118,170,118,172,117,174,
      +                          117,176,117,178,116,180,116,182,115,184,115,186,115,188,114,190,114,192,113,194,113,195,112,197,112,
      +                          199,112,201,111,203,111,205,110,207,110,209,110,211,109,213,109,215,108
   157   01D526                     	align	2
   158   01D526                     hand18:
   159                           	callstack 0
   160   01D526  7F 7F 81 7E 83 7E 85 7D 87 7D 89 7C 8A 7B 8C 7B 8E 7A 90 79 92 79 94 78 96 78 98 77 9A 76 9C 76 9D 75 9F 74 A1 74 A3 73 A5 73 A7 72 A9 71 AB 71 AD 70 AF 70 B0 6F B2 6E B4 6E B6 6D B8 6C BA 6C BC 6B BE 6B C0 6A C2 69 C3 69 C5 68 C7 68 C9 67 CB 66 CD 66 CF 65 D1 64 D3 64 D5 63 	db	127,127,129,126,131,126,133,125,135,125,137,124,138,123,140,123,142,122,144,121,146,121,148,120,
      +                          150,120,152,119,154,118,156,118,157,117,159,116,161,116,163,115,165,115,167,114,169,113,171,113,173,
      +                          112,175,112,176,111,178,110,180,110,182,109,184,108,186,108,188,107,190,107,192,106,194,105,195,105,
      +                          197,104,199,104,201,103,203,102,205,102,207,101,209,100,211,100,213,99
   161   01D582                     	align	2
   162   01D582                     hand19:
   163                           	callstack 0
   164   01D582  7F 7F 81 7E 83 7D 84 7D 86 7C 88 7B 8A 7A 8C 79 8E 78 8F 78 91 77 93 76 95 75 97 74 99 74 9A 73 9C 72 9E 71 A0 70 A2 70 A4 6F A5 6E A7 6D A9 6C AB 6B AD 6B AF 6A B0 69 B2 68 B4 67 B6 67 B8 66 B9 65 BB 64 BD 63 BF 63 C1 62 C3 61 C4 60 C6 5F C8 5E CA 5E CC 5D CE 5C CF 5B D1 5A 	db	127,127,129,126,131,125,132,125,134,124,136,123,138,122,140,121,142,120,143,120,145,119,147,118,
      +                          149,117,151,116,153,116,154,115,156,114,158,113,160,112,162,112,164,111,165,110,167,109,169,108,171,
      +                          107,173,107,175,106,176,105,178,104,180,103,182,103,184,102,185,101,187,100,189,99,191,99,193,98,195
      +                          ,97,196,96,198,95,200,94,202,94,204,93,206,92,207,91,209,90
   165   01D5DE                     	align	2
   166   01D5DE                     hand20:
   167                           	callstack 0
   168   01D5DE  7F 7F 81 7E 82 7D 84 7C 86 7B 88 7A 89 79 8B 78 8D 77 8F 76 90 75 92 74 94 73 96 72 97 71 99 70 9B 6F 9C 6E 9E 6D A0 6C A2 6B A3 6A A5 69 A7 68 A9 67 AA 66 AC 65 AE 64 AF 63 B1 62 B3 61 B5 60 B6 5F B8 5E BA 5D BC 5C BD 5B BF 5A C1 59 C3 58 C4 57 C6 56 C8 55 C9 54 CB 53 CD 52 	db	127,127,129,126,130,125,132,124,134,123,136,122,137,121,139,120,141,119,143,118,144,117,146,116,
      +                          148,115,150,114,151,113,153,112,155,111,156,110,158,109,160,108,162,107,163,106,165,105,167,104,169,
      +                          103,170,102,172,101,174,100,175,99,177,98,179,97,181,96,182,95,184,94,186,93,188,92,189,91,191,90,19
      +                          3,89,195,88,196,87,198,86,200,85,201,84,203,83,205,82
   169   01D63A                     	align	2
   170   01D63A                     hand21:
   171                           	callstack 0
   172   01D63A  7F 7F 81 7E 82 7D 84 7B 85 7A 87 79 89 78 8A 77 8C 76 8E 74 8F 73 91 72 92 71 94 70 96 6F 97 6D 99 6C 9B 6B 9C 6A 9E 69 9F 67 A1 66 A3 65 A4 64 A6 63 A7 62 A9 60 AB 5F AC 5E AE 5D B0 5C B1 5B B3 59 B4 58 B6 57 B8 56 B9 55 BB 54 BC 52 BE 51 C0 50 C1 4F C3 4E C5 4C C6 4B C8 4A 	db	127,127,129,126,130,125,132,123,133,122,135,121,137,120,138,119,140,118,142,116,143,115,145,114,
      +                          146,113,148,112,150,111,151,109,153,108,155,107,156,106,158,105,159,103,161,102,163,101,164,100,166,
      +                          99,167,98,169,96,171,95,172,94,174,93,176,92,177,91,179,89,180,88,182,87,184,86,185,85,187,84,188,82
      +                          ,190,81,192,80,193,79,195,78,197,76,198,75,200,74
   173   01D696                     	align	2
   174   01D696                     hand22:
   175                           	callstack 0
   176   01D696  7F 7F 80 7E 82 7C 83 7B 85 7A 86 78 88 77 89 76 8B 74 8C 73 8E 72 8F 70 91 6F 92 6E 94 6C 95 6B 97 6A 98 68 9A 67 9B 66 9D 64 9E 63 A0 62 A1 60 A3 5F A4 5E A6 5C A7 5B A9 5A AA 58 AC 57 AD 56 AF 54 B0 53 B2 51 B3 50 B5 4F B6 4D B7 4C B9 4B BA 49 BC 48 BD 47 BF 45 C0 44 C2 43 	db	127,127,128,126,130,124,131,123,133,122,134,120,136,119,137,118,139,116,140,115,142,114,143,112,
      +                          145,111,146,110,148,108,149,107,151,106,152,104,154,103,155,102,157,100,158,99,160,98,161,96,163,95,
      +                          164,94,166,92,167,91,169,90,170,88,172,87,173,86,175,84,176,83,178,81,179,80,181,79,182,77,183,76,18
      +                          5,75,186,73,188,72,189,71,191,69,192,68,194,67
   177   01D6F2                     	align	2
   178   01D6F2                     hand23:
   179                           	callstack 0
   180   01D6F2  7F 7F 80 7E 82 7C 83 7B 84 79 86 78 87 76 88 75 8A 73 8B 72 8C 70 8E 6F 8F 6D 90 6C 92 6A 93 69 94 67 96 66 97 64 98 63 9A 61 9B 60 9C 5E 9E 5D 9F 5B A0 5A A2 58 A3 57 A4 55 A6 54 A7 52 A8 51 AA 4F AB 4E AD 4C AE 4B AF 49 B1 48 B2 47 B3 45 B5 44 B6 42 B7 41 B9 3F BA 3E BB 3C 	db	127,127,128,126,130,124,131,123,132,121,134,120,135,118,136,117,138,115,139,114,140,112,142,111,
      +                          143,109,144,108,146,106,147,105,148,103,150,102,151,100,152,99,154,97,155,96,156,94,158,93,159,91,16
      +                          0,90,162,88,163,87,164,85,166,84,167,82,168,81,170,79,171,78,173,76,174,75,175,73,177,72,178,71,179,
      +                          69,181,68,182,66,183,65,185,63,186,62,187,60
   181   01D74E                     	align	2
   182   01D74E                     hand24:
   183                           	callstack 0
   184   01D74E  7F 7F 80 7D 81 7C 83 7A 84 79 85 77 86 75 87 74 88 72 8A 70 8B 6F 8C 6D 8D 6C 8E 6A 8F 68 91 67 92 65 93 63 94 62 95 60 97 5F 98 5D 99 5B 9A 5A 9B 58 9C 57 9E 55 9F 53 A0 52 A1 50 A2 4E A3 4D A5 4B A6 4A A7 48 A8 46 A9 45 AA 43 AC 42 AD 40 AE 3E AF 3D B0 3B B2 39 B3 38 B4 36 	db	127,127,128,125,129,124,131,122,132,121,133,119,134,117,135,116,136,114,138,112,139,111,140,109,
      +                          141,108,142,106,143,104,145,103,146,101,147,99,148,98,149,96,151,95,152,93,153,91,154,90,155,88,156,
      +                          87,158,85,159,83,160,82,161,80,162,78,163,77,165,75,166,74,167,72,168,70,169,69,170,67,172,66,173,64
      +                          ,174,62,175,61,176,59,178,57,179,56,180,54
   185   01D7AA                     	align	2
   186   01D7AA                     hand25:
   187                           	callstack 0
   188   01D7AA  7F 7F 80 7D 81 7C 82 7A 83 78 84 76 85 75 86 73 87 71 88 6F 89 6E 8A 6C 8B 6A 8C 68 8D 67 8E 65 8F 63 90 62 91 60 92 5E 93 5C 94 5B 95 59 96 57 97 55 98 54 99 52 9A 50 9B 4F 9C 4D 9D 4B 9E 49 9F 48 A0 46 A1 44 A2 42 A3 41 A4 3F A5 3D A6 3B A7 3A A8 38 A9 36 AA 35 AB 33 AC 31 	db	127,127,128,125,129,124,130,122,131,120,132,118,133,117,134,115,135,113,136,111,137,110,138,108,
      +                          139,106,140,104,141,103,142,101,143,99,144,98,145,96,146,94,147,92,148,91,149,89,150,87,151,85,152,8
      +                          4,153,82,154,80,155,79,156,77,157,75,158,73,159,72,160,70,161,68,162,66,163,65,164,63,165,61,166,59,
      +                          167,58,168,56,169,54,170,53,171,51,172,49
   189   01D806                     	align	2
   190   01D806                     hand26:
   191                           	callstack 0
   192   01D806  7F 7F 80 7D 81 7B 81 7A 82 78 83 76 84 74 85 72 86 70 86 6F 87 6D 88 6B 89 69 8A 67 8A 65 8B 64 8C 62 8D 60 8E 5E 8E 5C 8F 5A 90 59 91 57 92 55 93 53 93 51 94 4F 95 4E 96 4C 97 4A 97 48 98 46 99 45 9A 43 9B 41 9B 3F 9C 3D 9D 3B 9E 3A 9F 38 A0 36 A0 34 A1 32 A2 30 A3 2F A4 2D 	db	127,127,128,125,129,123,129,122,130,120,131,118,132,116,133,114,134,112,134,111,135,109,136,107,
      +                          137,105,138,103,138,101,139,100,140,98,141,96,142,94,142,92,143,90,144,89,145,87,146,85,147,83,147,8
      +                          1,148,79,149,78,150,76,151,74,151,72,152,70,153,69,154,67,155,65,155,63,156,61,157,59,158,58,159,56,
      +                          160,54,160,52,161,50,162,48,163,47,164,45
   193   01D862                     	align	2
   194   01D862                     hand27:
   195                           	callstack 0
   196   01D862  7F 7F 80 7D 80 7B 81 79 81 77 82 75 83 74 83 72 84 70 85 6E 85 6C 86 6A 86 68 87 66 88 64 88 62 89 61 8A 5F 8A 5D 8B 5B 8B 59 8C 57 8D 55 8D 53 8E 51 8E 4F 8F 4E 90 4C 90 4A 91 48 92 46 92 44 93 42 93 40 94 3E 95 3C 95 3B 96 39 96 37 97 35 98 33 98 31 99 2F 9A 2D 9A 2B 9B 29 	db	127,127,128,125,128,123,129,121,129,119,130,117,131,116,131,114,132,112,133,110,133,108,134,106,
      +                          134,104,135,102,136,100,136,98,137,97,138,95,138,93,139,91,139,89,140,87,141,85,141,83,142,81,142,79
      +                          ,143,78,144,76,144,74,145,72,146,70,146,68,147,66,147,64,148,62,149,60,149,59,150,57,150,55,151,53,1
      +                          52,51,152,49,153,47,154,45,154,43,155,41
   197   01D8BE                     	align	2
   198   01D8BE                     hand28:
   199                           	callstack 0
   200   01D8BE  7F 7F 7F 7D 80 7B 80 79 81 77 81 75 81 73 82 71 82 6F 83 6D 83 6B 84 69 84 68 84 66 85 64 85 62 86 60 86 5E 86 5C 87 5A 87 58 88 56 88 54 89 52 89 50 89 4E 8A 4C 8A 4A 8B 48 8B 46 8B 44 8C 42 8C 40 8D 3E 8D 3C 8E 3B 8E 39 8E 37 8F 35 8F 33 90 31 90 2F 90 2D 91 2B 91 29 92 27 	db	127,127,127,125,128,123,128,121,129,119,129,117,129,115,130,113,130,111,131,109,131,107,132,105,
      +                          132,104,132,102,133,100,133,98,134,96,134,94,134,92,135,90,135,88,136,86,136,84,137,82,137,80,137,78
      +                          ,138,76,138,74,139,72,139,70,139,68,140,66,140,64,141,62,141,60,142,59,142,57,142,55,143,53,143,51,1
      +                          44,49,144,47,144,45,145,43,145,41,146,39
   201   01D91A                     	align	2
   202   01D91A                     hand29:
   203                           	callstack 0
   204   01D91A  7F 7F 7F 7D 7F 7B 80 79 80 77 80 75 80 73 80 71 81 6F 81 6D 81 6B 81 69 82 67 82 65 82 63 82 61 82 5F 83 5D 83 5B 83 59 83 57 83 55 84 53 84 51 84 4F 84 4D 84 4B 85 49 85 47 85 45 85 43 85 41 86 3F 86 3D 86 3B 86 39 87 37 87 35 87 33 87 31 87 2F 88 2D 88 2B 88 29 88 27 88 25 	db	127,127,127,125,127,123,128,121,128,119,128,117,128,115,128,113,129,111,129,109,129,107,129,105,
      +                          130,103,130,101,130,99,130,97,130,95,131,93,131,91,131,89,131,87,131,85,132,83,132,81,132,79,132,77,
      +                          132,75,133,73,133,71,133,69,133,67,133,65,134,63,134,61,134,59,134,57,135,55,135,53,135,51,135,49,13
      +                          5,47,136,45,136,43,136,41,136,39,136,37
   205   01D976                     	align	2
   206   01D976                     hand30:
   207                           	callstack 0
   208   01D976  7F 7F 7F 7D 7F 7B 7F 79 7F 77 7F 75 7F 73 7F 71 7F 6F 7F 6D 7F 6B 7F 69 7F 67 7F 65 7F 63 7F 61 7F 5F 7F 5D 7F 5B 7F 59 7F 57 7F 55 7F 53 7F 51 7F 4F 7F 4D 7F 4B 7F 49 7F 47 7F 45 7F 43 7F 41 7F 3F 7F 3D 7F 3B 7F 39 7F 37 7F 35 7F 33 7F 31 7F 2F 7F 2D 7F 2B 7F 29 7F 27 7F 25 	db	127,127,127,125,127,123,127,121,127,119,127,117,127,115,127,113,127,111,127,109,127,107,127,105,
      +                          127,103,127,101,127,99,127,97,127,95,127,93,127,91,127,89,127,87,127,85,127,83,127,81,127,79,127,77,
      +                          127,75,127,73,127,71,127,69,127,67,127,65,127,63,127,61,127,59,127,57,127,55,127,53,127,51,127,49,12
      +                          7,47,127,45,127,43,127,41,127,39,127,37
   209   01D9D2                     	align	2
   210   01D9D2                     hand31:
   211                           	callstack 0
   212   01D9D2  7F 7F 7F 7D 7F 7B 7E 79 7E 77 7E 75 7E 73 7E 71 7D 6F 7D 6D 7D 6B 7D 69 7C 67 7C 65 7C 63 7C 61 7C 5F 7B 5D 7B 5B 7B 59 7B 57 7B 55 7A 53 7A 51 7A 4F 7A 4D 7A 4B 79 49 79 47 79 45 79 43 79 41 78 3F 78 3D 78 3B 78 39 77 37 77 35 77 33 77 31 77 2F 76 2D 76 2B 76 29 76 27 76 25 	db	127,127,127,125,127,123,126,121,126,119,126,117,126,115,126,113,125,111,125,109,125,107,125,105,
      +                          124,103,124,101,124,99,124,97,124,95,123,93,123,91,123,89,123,87,123,85,122,83,122,81,122,79,122,77,
      +                          122,75,121,73,121,71,121,69,121,67,121,65,120,63,120,61,120,59,120,57,119,55,119,53,119,51,119,49,11
      +                          9,47,118,45,118,43,118,41,118,39,118,37
   213   01DA2E                     	align	2
   214   01DA2E                     hand32:
   215                           	callstack 0
   216   01DA2E  7F 7F 7F 7D 7E 7B 7E 79 7D 77 7D 75 7D 73 7C 71 7C 6F 7B 6D 7B 6B 7A 69 7A 68 7A 66 79 64 79 62 78 60 78 5E 78 5C 77 5A 77 58 76 56 76 54 75 52 75 50 75 4E 74 4C 74 4A 73 48 73 46 73 44 72 42 72 40 71 3E 71 3C 70 3B 70 39 70 37 6F 35 6F 33 6E 31 6E 2F 6E 2D 6D 2B 6D 29 6C 27 	db	127,127,127,125,126,123,126,121,125,119,125,117,125,115,124,113,124,111,123,109,123,107,122,105,
      +                          122,104,122,102,121,100,121,98,120,96,120,94,120,92,119,90,119,88,118,86,118,84,117,82,117,80,117,78
      +                          ,116,76,116,74,115,72,115,70,115,68,114,66,114,64,113,62,113,60,112,59,112,57,112,55,111,53,111,51,1
      +                          10,49,110,47,110,45,109,43,109,41,108,39
   217   01DA8A                     	align	2
   218   01DA8A                     hand33:
   219                           	callstack 0
   220   01DA8A  7F 7F 7E 7D 7E 7B 7D 79 7D 77 7C 75 7B 74 7B 72 7A 70 79 6E 79 6C 78 6A 78 68 77 66 76 64 76 62 75 61 74 5F 74 5D 73 5B 73 59 72 57 71 55 71 53 70 51 70 4F 6F 4E 6E 4C 6E 4A 6D 48 6C 46 6C 44 6B 42 6B 40 6A 3E 69 3C 69 3B 68 39 68 37 67 35 66 33 66 31 65 2F 64 2D 64 2B 63 29 	db	127,127,126,125,126,123,125,121,125,119,124,117,123,116,123,114,122,112,121,110,121,108,120,106,
      +                          120,104,119,102,118,100,118,98,117,97,116,95,116,93,115,91,115,89,114,87,113,85,113,83,112,81,112,79
      +                          ,111,78,110,76,110,74,109,72,108,70,108,68,107,66,107,64,106,62,105,60,105,59,104,57,104,55,103,53,1
      +                          02,51,102,49,101,47,100,45,100,43,99,41
   221   01DAE6                     	align	2
   222   01DAE6                     hand34:
   223                           	callstack 0
   224   01DAE6  7F 7F 7E 7D 7D 7B 7D 7A 7C 78 7B 76 7A 74 79 72 78 70 78 6F 77 6D 76 6B 75 69 74 67 74 65 73 64 72 62 71 60 70 5E 70 5C 6F 5A 6E 59 6D 57 6C 55 6B 53 6B 51 6A 4F 69 4E 68 4C 67 4A 67 48 66 46 65 45 64 43 63 41 63 3F 62 3D 61 3B 60 3A 5F 38 5E 36 5E 34 5D 32 5C 30 5B 2F 5A 2D 	db	127,127,126,125,125,123,125,122,124,120,123,118,122,116,121,114,120,112,120,111,119,109,118,107,
      +                          117,105,116,103,116,101,115,100,114,98,113,96,112,94,112,92,111,90,110,89,109,87,108,85,107,83,107,8
      +                          1,106,79,105,78,104,76,103,74,103,72,102,70,101,69,100,67,99,65,99,63,98,61,97,59,96,58,95,56,94,54,
      +                          94,52,93,50,92,48,91,47,90,45
   225   01DB42                     	align	2
   226   01DB42                     hand35:
   227                           	callstack 0
   228   01DB42  7F 7F 7E 7D 7D 7C 7C 7A 7B 78 7A 76 79 75 78 73 77 71 76 6F 75 6E 74 6C 73 6A 72 68 71 67 70 65 6F 63 6E 62 6D 60 6C 5E 6B 5C 6A 5B 69 59 68 57 67 55 66 54 65 52 64 50 63 4F 62 4D 61 4B 60 49 5F 48 5E 46 5D 44 5C 42 5B 41 5A 3F 59 3D 58 3B 57 3A 56 38 55 36 54 35 53 33 52 31 	db	127,127,126,125,125,124,124,122,123,120,122,118,121,117,120,115,119,113,118,111,117,110,116,108,
      +                          115,106,114,104,113,103,112,101,111,99,110,98,109,96,108,94,107,92,106,91,105,89,104,87,103,85,102,8
      +                          4,101,82,100,80,99,79,98,77,97,75,96,73,95,72,94,70,93,68,92,66,91,65,90,63,89,61,88,59,87,58,86,56,
      +                          85,54,84,53,83,51,82,49
   229   01DB9E                     	align	2
   230   01DB9E                     hand36:
   231                           	callstack 0
   232   01DB9E  7F 7F 7E 7D 7D 7C 7B 7A 7A 79 79 77 78 75 77 74 76 72 74 70 73 6F 72 6D 71 6C 70 6A 6F 68 6D 67 6C 65 6B 63 6A 62 69 60 67 5F 66 5D 65 5B 64 5A 63 58 62 57 60 55 5F 53 5E 52 5D 50 5C 4E 5B 4D 59 4B 58 4A 57 48 56 46 55 45 54 43 52 42 51 40 50 3E 4F 3D 4E 3B 4C 39 4B 38 4A 36 	db	127,127,126,125,125,124,123,122,122,121,121,119,120,117,119,116,118,114,116,112,115,111,114,109,
      +                          113,108,112,106,111,104,109,103,108,101,107,99,106,98,105,96,103,95,102,93,101,91,100,90,99,88,98,87
      +                          ,96,85,95,83,94,82,93,80,92,78,91,77,89,75,88,74,87,72,86,70,85,69,84,67,82,66,81,64,80,62,79,61,78,
      +                          59,76,57,75,56,74,54
   233   01DBFA                     	align	2
   234   01DBFA                     hand37:
   235                           	callstack 0
   236   01DBFA  7F 7F 7E 7E 7C 7C 7B 7B 7A 79 78 78 77 76 76 75 74 73 73 72 72 70 70 6F 6F 6D 6E 6C 6C 6A 6B 69 6A 67 68 66 67 64 66 63 64 61 63 60 62 5E 60 5D 5F 5B 5E 5A 5C 58 5B 57 5A 55 58 54 57 52 56 51 54 4F 53 4E 51 4C 50 4B 4F 49 4D 48 4C 47 4B 45 49 44 48 42 47 41 45 3F 44 3E 43 3C 	db	127,127,126,126,124,124,123,123,122,121,120,120,119,118,118,117,116,115,115,114,114,112,112,111,
      +                          111,109,110,108,108,106,107,105,106,103,104,102,103,100,102,99,100,97,99,96,98,94,96,93,95,91,94,90,
      +                          92,88,91,87,90,85,88,84,87,82,86,81,84,79,83,78,81,76,80,75,79,73,77,72,76,71,75,69,73,68,72,66,71,6
      +                          5,69,63,68,62,67,60
   237   01DC56                     	align	2
   238   01DC56                     hand38:
   239                           	callstack 0
   240   01DC56  7F 7F 7E 7E 7C 7C 7B 7B 79 7A 78 78 76 77 75 76 73 74 72 73 70 72 6F 70 6D 6F 6C 6E 6A 6C 69 6B 67 6A 66 68 64 67 63 66 61 64 60 63 5E 62 5D 60 5B 5F 5A 5E 58 5C 57 5B 55 5A 54 58 52 57 51 56 4F 54 4E 53 4C 51 4B 50 49 4F 48 4D 47 4C 45 4B 44 49 42 48 41 47 3F 45 3E 44 3C 43 	db	127,127,126,126,124,124,123,123,121,122,120,120,118,119,117,118,115,116,114,115,112,114,111,112,
      +                          109,111,108,110,106,108,105,107,103,106,102,104,100,103,99,102,97,100,96,99,94,98,93,96,91,95,90,94,
      +                          88,92,87,91,85,90,84,88,82,87,81,86,79,84,78,83,76,81,75,80,73,79,72,77,71,76,69,75,68,73,66,72,65,7
      +                          1,63,69,62,68,60,67
   241   01DCB2                     	align	2
   242   01DCB2                     hand39:
   243                           	callstack 0
   244   01DCB2  7F 7F 7D 7E 7C 7D 7A 7B 79 7A 77 79 75 78 74 77 72 76 70 74 6F 73 6D 72 6C 71 6A 70 68 6F 67 6D 65 6C 63 6B 62 6A 60 69 5F 67 5D 66 5B 65 5A 64 58 63 57 62 55 60 53 5F 52 5E 50 5D 4E 5C 4D 5B 4B 59 4A 58 48 57 46 56 45 55 43 54 42 52 40 51 3E 50 3D 4F 3B 4E 39 4C 38 4B 36 4A 	db	127,127,125,126,124,125,122,123,121,122,119,121,117,120,116,119,114,118,112,116,111,115,109,114,
      +                          108,113,106,112,104,111,103,109,101,108,99,107,98,106,96,105,95,103,93,102,91,101,90,100,88,99,87,98
      +                          ,85,96,83,95,82,94,80,93,78,92,77,91,75,89,74,88,72,87,70,86,69,85,67,84,66,82,64,81,62,80,61,79,59,
      +                          78,57,76,56,75,54,74
   245   01DD0E                     	align	2
   246   01DD0E                     hand40:
   247                           	callstack 0
   248   01DD0E  7F 7F 7D 7E 7C 7D 7A 7C 78 7B 76 7A 75 79 73 78 71 77 6F 76 6E 75 6C 74 6A 73 68 72 67 71 65 70 63 6F 62 6E 60 6D 5E 6C 5C 6B 5B 6A 59 69 57 68 55 67 54 66 52 65 50 64 4F 63 4D 62 4B 61 49 60 48 5F 46 5E 44 5D 42 5C 41 5B 3F 5A 3D 59 3B 58 3A 57 38 56 36 55 35 54 33 53 31 52 	db	127,127,125,126,124,125,122,124,120,123,118,122,117,121,115,120,113,119,111,118,110,117,108,116,
      +                          106,115,104,114,103,113,101,112,99,111,98,110,96,109,94,108,92,107,91,106,89,105,87,104,85,103,84,10
      +                          2,82,101,80,100,79,99,77,98,75,97,73,96,72,95,70,94,68,93,66,92,65,91,63,90,61,89,59,88,58,87,56,86,
      +                          54,85,53,84,51,83,49,82
   249   01DD6A                     	align	2
   250   01DD6A                     hand41:
   251                           	callstack 0
   252   01DD6A  7F 7F 7D 7E 7B 7D 7A 7D 78 7C 76 7B 74 7A 72 79 70 78 6F 78 6D 77 6B 76 69 75 67 74 65 74 64 73 62 72 60 71 5E 70 5C 70 5A 6F 59 6E 57 6D 55 6C 53 6B 51 6B 4F 6A 4E 69 4C 68 4A 67 48 67 46 66 45 65 43 64 41 63 3F 63 3D 62 3B 61 3A 60 38 5F 36 5E 34 5E 32 5D 30 5C 2F 5B 2D 5A 	db	127,127,125,126,123,125,122,125,120,124,118,123,116,122,114,121,112,120,111,120,109,119,107,118,
      +                          105,117,103,116,101,116,100,115,98,114,96,113,94,112,92,112,90,111,89,110,87,109,85,108,83,107,81,10
      +                          7,79,106,78,105,76,104,74,103,72,103,70,102,69,101,67,100,65,99,63,99,61,98,59,97,58,96,56,95,54,94,
      +                          52,94,50,93,48,92,47,91,45,90
   253   01DDC6                     	align	2
   254   01DDC6                     hand42:
   255                           	callstack 0
   256   01DDC6  7F 7F 7D 7E 7B 7E 79 7D 77 7D 75 7C 74 7B 72 7B 70 7A 6E 79 6C 79 6A 78 68 78 66 77 64 76 62 76 61 75 5F 74 5D 74 5B 73 59 73 57 72 55 71 53 71 51 70 4F 70 4E 6F 4C 6E 4A 6E 48 6D 46 6C 44 6C 42 6B 40 6B 3E 6A 3C 69 3B 69 39 68 37 68 35 67 33 66 31 66 2F 65 2D 64 2B 64 29 63 	db	127,127,125,126,123,126,121,125,119,125,117,124,116,123,114,123,112,122,110,121,108,121,106,120,
      +                          104,120,102,119,100,118,98,118,97,117,95,116,93,116,91,115,89,115,87,114,85,113,83,113,81,112,79,112
      +                          ,78,111,76,110,74,110,72,109,70,108,68,108,66,107,64,107,62,106,60,105,59,105,57,104,55,104,53,103,5
      +                          1,102,49,102,47,101,45,100,43,100,41,99
   257   01DE22                     	align	2
   258   01DE22                     hand43:
   259                           	callstack 0
   260   01DE22  7F 7F 7D 7F 7B 7E 79 7E 77 7D 75 7D 73 7D 71 7C 6F 7C 6D 7B 6B 7B 69 7A 68 7A 66 7A 64 79 62 79 60 78 5E 78 5C 78 5A 77 58 77 56 76 54 76 52 75 50 75 4E 75 4C 74 4A 74 48 73 46 73 44 73 42 72 40 72 3E 71 3C 71 3B 70 39 70 37 70 35 6F 33 6F 31 6E 2F 6E 2D 6E 2B 6D 29 6D 27 6C 	db	127,127,125,127,123,126,121,126,119,125,117,125,115,125,113,124,111,124,109,123,107,123,105,122,
      +                          104,122,102,122,100,121,98,121,96,120,94,120,92,120,90,119,88,119,86,118,84,118,82,117,80,117,78,117
      +                          ,76,116,74,116,72,115,70,115,68,115,66,114,64,114,62,113,60,113,59,112,57,112,55,112,53,111,51,111,4
      +                          9,110,47,110,45,110,43,109,41,109,39,108
   261   01DE7E                     	align	2
   262   01DE7E                     hand44:
   263                           	callstack 0
   264   01DE7E  7F 7F 7D 7F 7B 7F 79 7E 77 7E 75 7E 73 7E 71 7E 6F 7D 6D 7D 6B 7D 69 7D 67 7C 65 7C 63 7C 61 7C 5F 7C 5D 7B 5B 7B 59 7B 57 7B 55 7B 53 7A 51 7A 4F 7A 4D 7A 4B 7A 49 79 47 79 45 79 43 79 41 79 3F 78 3D 78 3B 78 39 78 37 77 35 77 33 77 31 77 2F 77 2D 76 2B 76 29 76 27 76 25 76 	db	127,127,125,127,123,127,121,126,119,126,117,126,115,126,113,126,111,125,109,125,107,125,105,125,
      +                          103,124,101,124,99,124,97,124,95,124,93,123,91,123,89,123,87,123,85,123,83,122,81,122,79,122,77,122,
      +                          75,122,73,121,71,121,69,121,67,121,65,121,63,120,61,120,59,120,57,120,55,119,53,119,51,119,49,119,47
      +                          ,119,45,118,43,118,41,118,39,118,37,118
   265   01DEDA                     	align	2
   266   01DEDA                     hand45:
   267                           	callstack 0
   268   01DEDA  7F 7F 7D 7F 7B 7F 79 7F 77 7F 75 7F 73 7F 71 7F 6F 7F 6D 7F 6B 7F 69 7F 67 7F 65 7F 63 7F 61 7F 5F 7F 5D 7F 5B 7F 59 7F 57 7F 55 7F 53 7F 51 7F 4F 7F 4D 7F 4B 7F 49 7F 47 7F 45 7F 43 7F 41 7F 3F 7F 3D 7F 3B 7F 39 7F 37 7F 35 7F 33 7F 31 7F 2F 7F 2D 7F 2B 7F 29 7F 27 7F 25 7F 	db	127,127,125,127,123,127,121,127,119,127,117,127,115,127,113,127,111,127,109,127,107,127,105,127,
      +                          103,127,101,127,99,127,97,127,95,127,93,127,91,127,89,127,87,127,85,127,83,127,81,127,79,127,77,127,
      +                          75,127,73,127,71,127,69,127,67,127,65,127,63,127,61,127,59,127,57,127,55,127,53,127,51,127,49,127,47
      +                          ,127,45,127,43,127,41,127,39,127,37,127
   269   01DF36                     	align	2
   270   01DF36                     hand46:
   271                           	callstack 0
   272   01DF36  7F 7F 7D 7F 7B 7F 79 80 77 80 75 80 73 80 71 80 6F 81 6D 81 6B 81 69 81 67 82 65 82 63 82 61 82 5F 82 5D 83 5B 83 59 83 57 83 55 83 53 84 51 84 4F 84 4D 84 4B 84 49 85 47 85 45 85 43 85 41 85 3F 86 3D 86 3B 86 39 86 37 87 35 87 33 87 31 87 2F 87 2D 88 2B 88 29 88 27 88 25 88 	db	127,127,125,127,123,127,121,128,119,128,117,128,115,128,113,128,111,129,109,129,107,129,105,129,
      +                          103,130,101,130,99,130,97,130,95,130,93,131,91,131,89,131,87,131,85,131,83,132,81,132,79,132,77,132,
      +                          75,132,73,133,71,133,69,133,67,133,65,133,63,134,61,134,59,134,57,134,55,135,53,135,51,135,49,135,47
      +                          ,135,45,136,43,136,41,136,39,136,37,136
   273   01DF92                     	align	2
   274   01DF92                     hand47:
   275                           	callstack 0
   276   01DF92  7F 7F 7D 7F 7B 80 79 80 77 81 75 81 73 81 71 82 6F 82 6D 83 6B 83 69 84 68 84 66 84 64 85 62 85 60 86 5E 86 5C 86 5A 87 58 87 56 88 54 88 52 89 50 89 4E 89 4C 8A 4A 8A 48 8B 46 8B 44 8B 42 8C 40 8C 3E 8D 3C 8D 3B 8E 39 8E 37 8E 35 8F 33 8F 31 90 2F 90 2D 90 2B 91 29 91 27 92 	db	127,127,125,127,123,128,121,128,119,129,117,129,115,129,113,130,111,130,109,131,107,131,105,132,
      +                          104,132,102,132,100,133,98,133,96,134,94,134,92,134,90,135,88,135,86,136,84,136,82,137,80,137,78,137
      +                          ,76,138,74,138,72,139,70,139,68,139,66,140,64,140,62,141,60,141,59,142,57,142,55,142,53,143,51,143,4
      +                          9,144,47,144,45,144,43,145,41,145,39,146
   277   01DFEE                     	align	2
   278   01DFEE                     hand48:
   279                           	callstack 0
   280   01DFEE  7F 7F 7D 80 7B 80 79 81 77 81 75 82 74 83 72 83 70 84 6E 85 6C 85 6A 86 68 86 66 87 64 88 62 88 61 89 5F 8A 5D 8A 5B 8B 59 8B 57 8C 55 8D 53 8D 51 8E 4F 8E 4E 8F 4C 90 4A 90 48 91 46 92 44 92 42 93 40 93 3E 94 3C 95 3B 95 39 96 37 96 35 97 33 98 31 98 2F 99 2D 9A 2B 9A 29 9B 	db	127,127,125,128,123,128,121,129,119,129,117,130,116,131,114,131,112,132,110,133,108,133,106,134,
      +                          104,134,102,135,100,136,98,136,97,137,95,138,93,138,91,139,89,139,87,140,85,141,83,141,81,142,79,142
      +                          ,78,143,76,144,74,144,72,145,70,146,68,146,66,147,64,147,62,148,60,149,59,149,57,150,55,150,53,151,5
      +                          1,152,49,152,47,153,45,154,43,154,41,155
   281   01E04A                     	align	2
   282   01E04A                     hand49:
   283                           	callstack 0
   284   01E04A  7F 7F 7D 80 7B 81 7A 81 78 82 76 83 74 84 72 85 70 86 6F 86 6D 87 6B 88 69 89 67 8A 65 8A 64 8B 62 8C 60 8D 5E 8E 5C 8E 5A 8F 59 90 57 91 55 92 53 93 51 93 4F 94 4E 95 4C 96 4A 97 48 97 46 98 45 99 43 9A 41 9B 3F 9B 3D 9C 3B 9D 3A 9E 38 9F 36 A0 34 A0 32 A1 30 A2 2F A3 2D A4 	db	127,127,125,128,123,129,122,129,120,130,118,131,116,132,114,133,112,134,111,134,109,135,107,136,
      +                          105,137,103,138,101,138,100,139,98,140,96,141,94,142,92,142,90,143,89,144,87,145,85,146,83,147,81,14
      +                          7,79,148,78,149,76,150,74,151,72,151,70,152,69,153,67,154,65,155,63,155,61,156,59,157,58,158,56,159,
      +                          54,160,52,160,50,161,48,162,47,163,45,164
   285   01E0A6                     	align	2
   286   01E0A6                     hand50:
   287                           	callstack 0
   288   01E0A6  7F 7F 7D 80 7C 81 7A 82 78 83 76 84 75 85 73 86 71 87 6F 88 6E 89 6C 8A 6A 8B 68 8C 67 8D 65 8E 63 8F 62 90 60 91 5E 92 5C 93 5B 94 59 95 57 96 55 97 54 98 52 99 50 9A 4F 9B 4D 9C 4B 9D 49 9E 48 9F 46 A0 44 A1 42 A2 41 A3 3F A4 3D A5 3B A6 3A A7 38 A8 36 A9 35 AA 33 AB 31 AC 	db	127,127,125,128,124,129,122,130,120,131,118,132,117,133,115,134,113,135,111,136,110,137,108,138,
      +                          106,139,104,140,103,141,101,142,99,143,98,144,96,145,94,146,92,147,91,148,89,149,87,150,85,151,84,15
      +                          2,82,153,80,154,79,155,77,156,75,157,73,158,72,159,70,160,68,161,66,162,65,163,63,164,61,165,59,166,
      +                          58,167,56,168,54,169,53,170,51,171,49,172
   289   01E102                     	align	2
   290   01E102                     hand51:
   291                           	callstack 0
   292   01E102  7F 7F 7D 80 7C 81 7A 83 79 84 77 85 75 86 74 87 72 88 70 8A 6F 8B 6D 8C 6C 8D 6A 8E 68 8F 67 91 65 92 63 93 62 94 60 95 5F 97 5D 98 5B 99 5A 9A 58 9B 57 9C 55 9E 53 9F 52 A0 50 A1 4E A2 4D A3 4B A5 4A A6 48 A7 46 A8 45 A9 43 AA 42 AC 40 AD 3E AE 3D AF 3B B0 39 B2 38 B3 36 B4 	db	127,127,125,128,124,129,122,131,121,132,119,133,117,134,116,135,114,136,112,138,111,139,109,140,
      +                          108,141,106,142,104,143,103,145,101,146,99,147,98,148,96,149,95,151,93,152,91,153,90,154,88,155,87,1
      +                          56,85,158,83,159,82,160,80,161,78,162,77,163,75,165,74,166,72,167,70,168,69,169,67,170,66,172,64,173
      +                          ,62,174,61,175,59,176,57,178,56,179,54,180
   293   01E15E                     	align	2
   294   01E15E                     hand52:
   295                           	callstack 0
   296   01E15E  7F 7F 7E 80 7C 82 7B 83 79 84 78 86 76 87 75 88 73 8A 72 8B 70 8C 6F 8E 6D 8F 6C 90 6A 92 69 93 67 94 66 96 64 97 63 98 61 9A 60 9B 5E 9C 5D 9E 5B 9F 5A A0 58 A2 57 A3 55 A4 54 A6 52 A7 51 A8 4F AA 4E AB 4C AD 4B AE 49 AF 48 B1 47 B2 45 B3 44 B5 42 B6 41 B7 3F B9 3E BA 3C BB 	db	127,127,126,128,124,130,123,131,121,132,120,134,118,135,117,136,115,138,114,139,112,140,111,142,
      +                          109,143,108,144,106,146,105,147,103,148,102,150,100,151,99,152,97,154,96,155,94,156,93,158,91,159,90
      +                          ,160,88,162,87,163,85,164,84,166,82,167,81,168,79,170,78,171,76,173,75,174,73,175,72,177,71,178,69,1
      +                          79,68,181,66,182,65,183,63,185,62,186,60,187
   297   01E1BA                     	align	2
   298   01E1BA                     hand53:
   299                           	callstack 0
   300   01E1BA  7F 7F 7E 80 7C 82 7B 83 7A 85 78 86 77 88 76 89 74 8B 73 8C 72 8E 70 8F 6F 91 6E 92 6C 94 6B 95 6A 97 68 98 67 9A 66 9B 64 9D 63 9E 62 A0 60 A1 5F A3 5E A4 5C A6 5B A7 5A A9 58 AA 57 AC 56 AD 54 AF 53 B0 51 B2 50 B3 4F B5 4D B6 4C B7 4B B9 49 BA 48 BC 47 BD 45 BF 44 C0 43 C2 	db	127,127,126,128,124,130,123,131,122,133,120,134,119,136,118,137,116,139,115,140,114,142,112,143,
      +                          111,145,110,146,108,148,107,149,106,151,104,152,103,154,102,155,100,157,99,158,98,160,96,161,95,163,
      +                          94,164,92,166,91,167,90,169,88,170,87,172,86,173,84,175,83,176,81,178,80,179,79,181,77,182,76,183,75
      +                          ,185,73,186,72,188,71,189,69,191,68,192,67,194
   301   01E216                     	align	2
   302   01E216                     hand54:
   303                           	callstack 0
   304   01E216  7F 7F 7E 81 7D 82 7B 84 7A 85 79 87 78 89 77 8A 76 8C 74 8E 73 8F 72 91 71 92 70 94 6F 96 6D 97 6C 99 6B 9B 6A 9C 69 9E 67 9F 66 A1 65 A3 64 A4 63 A6 62 A7 60 A9 5F AB 5E AC 5D AE 5C B0 5B B1 59 B3 58 B4 57 B6 56 B8 55 B9 54 BB 52 BC 51 BE 50 C0 4F C1 4E C3 4C C5 4B C6 4A C8 	db	127,127,126,129,125,130,123,132,122,133,121,135,120,137,119,138,118,140,116,142,115,143,114,145,
      +                          113,146,112,148,111,150,109,151,108,153,107,155,106,156,105,158,103,159,102,161,101,163,100,164,99,1
      +                          66,98,167,96,169,95,171,94,172,93,174,92,176,91,177,89,179,88,180,87,182,86,184,85,185,84,187,82,188
      +                          ,81,190,80,192,79,193,78,195,76,197,75,198,74,200
   305   01E272                     	align	2
   306   01E272                     hand55:
   307                           	callstack 0
   308   01E272  7F 7F 7E 81 7D 82 7C 84 7B 86 7A 88 79 89 78 8B 77 8D 76 8F 75 90 74 92 73 94 72 96 71 97 70 99 6F 9B 6E 9C 6D 9E 6C A0 6B A2 6A A3 69 A5 68 A7 67 A9 66 AA 65 AC 64 AE 63 AF 62 B1 61 B3 60 B5 5F B6 5E B8 5D BA 5C BC 5B BD 5A BF 59 C1 58 C3 57 C4 56 C6 55 C8 54 C9 53 CB 52 CD 	db	127,127,126,129,125,130,124,132,123,134,122,136,121,137,120,139,119,141,118,143,117,144,116,146,
      +                          115,148,114,150,113,151,112,153,111,155,110,156,109,158,108,160,107,162,106,163,105,165,104,167,103,
      +                          169,102,170,101,172,100,174,99,175,98,177,97,179,96,181,95,182,94,184,93,186,92,188,91,189,90,191,89
      +                          ,193,88,195,87,196,86,198,85,200,84,201,83,203,82,205
   309   01E2CE                     	align	2
   310   01E2CE                     hand56:
   311                           	callstack 0
   312   01E2CE  7F 7F 7E 81 7D 83 7D 84 7C 86 7B 88 7A 8A 79 8C 78 8E 78 8F 77 91 76 93 75 95 74 97 74 99 73 9A 72 9C 71 9E 70 A0 70 A2 6F A4 6E A5 6D A7 6C A9 6B AB 6B AD 6A AF 69 B0 68 B2 67 B4 67 B6 66 B8 65 B9 64 BB 63 BD 63 BF 62 C1 61 C3 60 C4 5F C6 5E C8 5E CA 5D CC 5C CE 5B CF 5A D1 	db	127,127,126,129,125,131,125,132,124,134,123,136,122,138,121,140,120,142,120,143,119,145,118,147,
      +                          117,149,116,151,116,153,115,154,114,156,113,158,112,160,112,162,111,164,110,165,109,167,108,169,107,
      +                          171,107,173,106,175,105,176,104,178,103,180,103,182,102,184,101,185,100,187,99,189,99,191,98,193,97,
      +                          195,96,196,95,198,94,200,94,202,93,204,92,206,91,207,90,209
   313   01E32A                     	align	2
   314   01E32A                     hand57:
   315                           	callstack 0
   316   01E32A  7F 7F 7E 81 7E 83 7D 85 7D 87 7C 89 7B 8A 7B 8C 7A 8E 79 90 79 92 78 94 78 96 77 98 76 9A 76 9C 75 9D 74 9F 74 A1 73 A3 73 A5 72 A7 71 A9 71 AB 70 AD 70 AF 6F B0 6E B2 6E B4 6D B6 6C B8 6C BA 6B BC 6B BE 6A C0 69 C2 69 C3 68 C5 68 C7 67 C9 66 CB 66 CD 65 CF 64 D1 64 D3 63 D5 	db	127,127,126,129,126,131,125,133,125,135,124,137,123,138,123,140,122,142,121,144,121,146,120,148,
      +                          120,150,119,152,118,154,118,156,117,157,116,159,116,161,115,163,115,165,114,167,113,169,113,171,112,
      +                          173,112,175,111,176,110,178,110,180,109,182,108,184,108,186,107,188,107,190,106,192,105,194,105,195,
      +                          104,197,104,199,103,201,102,203,102,205,101,207,100,209,100,211,99,213
   317   01E386                     	align	2
   318   01E386                     hand58:
   319                           	callstack 0
   320   01E386  7F 7F 7F 81 7E 83 7E 85 7D 87 7D 89 7D 8B 7C 8D 7C 8F 7B 91 7B 93 7A 95 7A 96 7A 98 79 9A 79 9C 78 9E 78 A0 78 A2 77 A4 77 A6 76 A8 76 AA 75 AC 75 AE 75 B0 74 B2 74 B4 73 B6 73 B8 73 BA 72 BC 72 BE 71 C0 71 C2 70 C3 70 C5 70 C7 6F C9 6F CB 6E CD 6E CF 6E D1 6D D3 6D D5 6C D7 	db	127,127,127,129,126,131,126,133,125,135,125,137,125,139,124,141,124,143,123,145,123,147,122,149,
      +                          122,150,122,152,121,154,121,156,120,158,120,160,120,162,119,164,119,166,118,168,118,170,117,172,117,
      +                          174,117,176,116,178,116,180,115,182,115,184,115,186,114,188,114,190,113,192,113,194,112,195,112,197,
      +                          112,199,111,201,111,203,110,205,110,207,110,209,109,211,109,213,108,215
   321   01E3E2                     	align	2
   322   01E3E2                     hand59:
   323                           	callstack 0
   324   01E3E2  7F 7F 7F 81 7F 83 7E 85 7E 87 7E 89 7E 8B 7E 8D 7D 8F 7D 91 7D 93 7D 95 7C 97 7C 99 7C 9B 7C 9D 7C 9F 7B A1 7B A3 7B A5 7B A7 7B A9 7A AB 7A AD 7A AF 7A B1 7A B3 79 B5 79 B7 79 B9 79 BB 79 BD 78 BF 78 C1 78 C3 78 C5 77 C7 77 C9 77 CB 77 CD 77 CF 76 D1 76 D3 76 D5 76 D7 76 D9 	db	127,127,127,129,127,131,126,133,126,135,126,137,126,139,126,141,125,143,125,145,125,147,125,149,
      +                          124,151,124,153,124,155,124,157,124,159,123,161,123,163,123,165,123,167,123,169,122,171,122,173,122,
      +                          175,122,177,122,179,121,181,121,183,121,185,121,187,121,189,120,191,120,193,120,195,120,197,119,199,
      +                          119,201,119,203,119,205,119,207,118,209,118,211,118,213,118,215,118,217
   325   01E43E                     	align	2
   326   01E43E                     lengths_setup:
   327                           	callstack 0
   328   01E43E  0E02               	movlw	2
   329   01E440  6F10               	movwf	len_style_1,b
   330   01E442  0E68               	movlw	104
   331   01E444  6F11               	movwf	len_style_2,b
   332   01E446  0E00               	movlw	0
   333   01E448  6F12               	movwf	len_style_3,b
   334   01E44A  0E28               	movlw	40
   335   01E44C  6F13               	movwf	len_hour,b
   336   01E44E  0E48               	movlw	72
   337   01E450  6F14               	movwf	len_minute,b
   338   01E452  0E5C               	movlw	92
   339   01E454  6F15               	movwf	len_second,b
   340   01E456  0E01               	movlw	1
   341   01E458  6F16               	movwf	style_number,b
   342   01E45A  0012               	return	
   343                           tosu	equ	0xFFF
   344                           tosh	equ	0xFFE
   345                           tosl	equ	0xFFD
   346                           stkptr	equ	0xFFC
   347                           pclatu	equ	0xFFB
   348                           pclath	equ	0xFFA
   349                           pcl	equ	0xFF9
   350                           tblptru	equ	0xFF8
   351                           tblptrh	equ	0xFF7
   352                           tblptrl	equ	0xFF6
   353                           tablat	equ	0xFF5
   354                           prodh	equ	0xFF4
   355                           prodl	equ	0xFF3
   356                           indf0	equ	0xFEF
   357                           postinc0	equ	0xFEE
   358                           postdec0	equ	0xFED
   359                           preinc0	equ	0xFEC
   360                           plusw0	equ	0xFEB
   361                           fsr0h	equ	0xFEA
   362                           fsr0l	equ	0xFE9
   363                           wreg	equ	0xFE8
   364                           indf1	equ	0xFE7
   365                           postinc1	equ	0xFE6
   366                           postdec1	equ	0xFE5
   367                           preinc1	equ	0xFE4
   368                           plusw1	equ	0xFE3
   369                           fsr1h	equ	0xFE2
   370                           fsr1l	equ	0xFE1
   371                           bsr	equ	0xFE0
   372                           indf2	equ	0xFDF
   373                           postinc2	equ	0xFDE
   374                           postdec2	equ	0xFDD
   375                           preinc2	equ	0xFDC
   376                           plusw2	equ	0xFDB
   377                           fsr2h	equ	0xFDA
   378                           fsr2l	equ	0xFD9
   379                           status	equ	0xFD8


Microchip Technology PIC18 Macro Assembler V2.40 build 20220703182018 
Symbol Table                                                                                               Thu Dec 15 12:10:38 2022

                           hand0 CEAE                             hand1 CF0A                             hand2 CF66  
                           hand3 CFC2                             hand4 D01E                             hand5 D07A  
                           hand6 D0D6                             hand7 D132                             hand8 D18E  
                           hand9 D1EA                            hand10 D246                            hand11 D2A2  
                          hand20 D5DE                            hand12 D2FE                            hand21 D63A  
                          hand13 D35A                            hand30 D976                            hand22 D696  
                          hand14 D3B6                            hand31 D9D2                            hand23 D6F2  
                          hand15 D412                            hand40 DD0E                            hand32 DA2E  
                          hand24 D74E                            hand16 D46E                            hand41 DD6A  
                          hand33 DA8A                            hand25 D7AA                            hand17 D4CA  
                          hand50 E0A6                            hand42 DDC6                            hand34 DAE6  
                          hand26 D806                            hand18 D526                            hand51 E102  
                          hand43 DE22                            hand35 DB42                            hand27 D862  
                          hand19 D582                            hand52 E15E                            hand44 DE7E  
                          hand36 DB9E                            hand28 D8BE                            hand53 E1BA  
                          hand45 DEDA                            hand37 DBFA                            hand29 D91A  
                          hand54 E216                            hand46 DF36                            hand38 DC56  
                          hand55 E272                            hand47 DF92                            hand39 DCB2  
                          hand56 E2CE                            hand48 DFEE                            hand57 E32A  
                          hand49 E04A                            hand58 E386                            hand59 E3E2  
                         isa$std 000001                     lengths_setup E43E                       alarm_table CDB0  
                        len_hour 0013                       len_style_1 0010                       len_style_2 0011  
                     len_style_3 0012                      style_number 0016                        len_minute 0014  
                      len_second 0015                         isa$xinst 000000                    clock_circle_1 CB4A  
                  clock_circle_2 CC48                     clock_style_1 CD46                     clock_style_2 CD48  
