

Microchip MPLAB XC8 Assembler V2.40 build 20220703182018 
                                                                                                           Fri Dec 16 10:00:50 2022


     1                           	processor	18F87K22
     2                           	pagewidth 132
     3                           	psect	udata_acs,global,class=COMRAM,space=1,delta=1,lowdata,noexec
     4                           	psect	udata_bank0,global,class=BANK0,space=1,delta=1,lowdata,noexec
     5                           	psect	udata_bank1,global,class=BANK1,space=1,delta=1,lowdata,noexec
     6                           	psect	udata_bank2,global,class=BANK2,space=1,delta=1,lowdata,noexec
     7                           	psect	udata_bank3,global,class=BANK3,space=1,delta=1,lowdata,noexec
     8                           	psect	udata_bank4,global,class=BANK4,space=1,delta=1,lowdata,noexec
     9                           	psect	udata_bank5,global,class=BANK5,space=1,delta=1,lowdata,noexec
    10                           	psect	udata_bank6,global,class=BANK6,space=1,delta=1,lowdata,noexec
    11                           	psect	udata_bank7,global,class=BANK7,space=1,delta=1,lowdata,noexec
    12                           	psect	udata_bank8,global,class=BANK8,space=1,delta=1,lowdata,noexec
    13                           	psect	udata_bank9,global,class=BANK9,space=1,delta=1,lowdata,noexec
    14                           	psect	udata_bank10,global,class=BANK10,space=1,delta=1,lowdata,noexec
    15                           	psect	udata_bank11,global,class=BANK11,space=1,delta=1,lowdata,noexec
    16                           	psect	udata_bank12,global,class=BANK12,space=1,delta=1,lowdata,noexec
    17                           	psect	udata_bank13,global,class=BANK13,space=1,delta=1,lowdata,noexec
    18                           	psect	udata_bank14,global,class=BANK14,space=1,delta=1,lowdata,noexec
    19                           	psect	udata_bank15,global,class=BANK15,space=1,delta=1,lowdata,noexec
    20                           	psect	udata,global,class=RAM,space=1,delta=1,noexec
    21                           	psect	code,global,reloc=2,class=CODE,delta=1
    22                           	psect	data,global,reloc=2,class=CONST,delta=1,noexec
    23                           	psect	edata,global,class=EEDATA,space=3,delta=2,noexec
    24                           	psect	alarm_code,global,class=CODE,delta=1
    25   000000                     
    26                           	psect	udata_acs
    27   00001E                     alarm_minute:
    28                           	callstack 0
    29   00001E                     	ds	1
    30   00001F                     alarm_hour:
    31                           	callstack 0
    32   00001F                     	ds	1
    33   000020                     alarm_set:
    34                           	callstack 0
    35   000020                     	ds	1
    36   000021                     alarm_hour_number:
    37                           	callstack 0
    38   000021                     	ds	1
    39   000022                     alarm_hit:
    40                           	callstack 0
    41   000022                     	ds	1
    42                           
    43                           	psect	edata
    44   000000                     stk_offset	set	0
    45   000000                     auto_size	set	0
    46                           
    47                           ; stack_auto defines a symbol /name/_offset which equates to the
    48                           ; stack offset of the auto object in question
    49   000000                     
    50                           ; stack_param defines a symbol /name/_offset which equates to the
    51                           ; stack offset of the parameter object in question
    52   000000                     
    53                           ; alloc_stack adjusts the SP to allocate space for auto objects
    54                           ; it also links in to the btemp symbol so that can be used
    55   000000                     
    56                           ; restore_stack adjusts the SP to remove all auto and parameter
    57                           ; objects from the stack prior to returning from a function
    58   000000                     
    59                           	psect	alarm_code
    60   01C544                     alarm_setup:
    61                           	callstack 0
    62   01C544  0E00               	movlw	0
    63   01C546  6F1E               	movwf	alarm_minute,b
    64   01C548  6F1F               	movwf	alarm_hour,b
    65   01C54A  6F20               	movwf	alarm_set,b
    66   01C54C  6F21               	movwf	alarm_hour_number,b
    67   01C54E  0012               	return	
    68   01C550                     check_alarm:
    69                           	callstack 0
    70   01C550  0E01               	movlw	1
    71   01C552  6320               	cpfseq	alarm_set,b
    72   01C554  0012               	return	
    73   01C556  5129               	movf	minute,w,b
    74   01C558  631E               	cpfseq	alarm_minute,b
    75   01C55A  0012               	return	
    76   01C55C  512A               	movf	hour,w,b
    77   01C55E  631F               	cpfseq	alarm_hour,b
    78   01C560  0012               	return	
    79                           
    80                           ; bsf ((PIE1) and 0FFh), 0, a
    81   01C562  0E01               	movlw	1
    82   01C564  6F22               	movwf	alarm_hit,b
    83   01C566  0EFF               	movlw	255
    84   01C568  6E87               	movwf	3975,c
    85   01C56A  0012               	return	
    86                           tosu	equ	0xFFF
    87                           tosh	equ	0xFFE
    88                           tosl	equ	0xFFD
    89                           stkptr	equ	0xFFC
    90                           pclatu	equ	0xFFB
    91                           pclath	equ	0xFFA
    92                           pcl	equ	0xFF9
    93                           tblptru	equ	0xFF8
    94                           tblptrh	equ	0xFF7
    95                           tblptrl	equ	0xFF6
    96                           tablat	equ	0xFF5
    97                           prodh	equ	0xFF4
    98                           prodl	equ	0xFF3
    99                           indf0	equ	0xFEF
   100                           postinc0	equ	0xFEE
   101                           postdec0	equ	0xFED
   102                           preinc0	equ	0xFEC
   103                           plusw0	equ	0xFEB
   104                           fsr0h	equ	0xFEA
   105                           fsr0l	equ	0xFE9
   106                           wreg	equ	0xFE8
   107                           indf1	equ	0xFE7
   108                           postinc1	equ	0xFE6
   109                           postdec1	equ	0xFE5
   110                           preinc1	equ	0xFE4
   111                           plusw1	equ	0xFE3
   112                           fsr1h	equ	0xFE2
   113                           fsr1l	equ	0xFE1
   114                           bsr	equ	0xFE0
   115                           indf2	equ	0xFDF
   116                           postinc2	equ	0xFDE
   117                           postdec2	equ	0xFDD
   118                           preinc2	equ	0xFDC
   119                           plusw2	equ	0xFDB
   120                           fsr2h	equ	0xFDA
   121                           fsr2l	equ	0xFD9
   122                           status	equ	0xFD8


Microchip Technology PIC18 Macro Assembler V2.40 build 20220703182018 
Symbol Table                                                                                               Fri Dec 16 10:00:50 2022

                            hour 002A                             PORTH 000F87                            minute 0029  
                         isa$std 000001                       check_alarm C550                       alarm_setup C544  
               alarm_hour_number 0021                        alarm_hour 001F                         alarm_hit 0022  
                       alarm_set 0020                      alarm_minute 001E                         isa$xinst 000000  
