

Microchip MPLAB XC8 Assembler V2.40 build 20220703182018 
                                                                                                           Fri Dec 16 10:49:54 2022


     1                           	processor	18F87K22
     2                           	pagewidth 132
     3                           	psect	udata_acs,global,class=COMRAM,space=1,delta=1,lowdata,noexec
     4                           	psect	udata_bank0,global,class=BANK0,space=1,delta=1,lowdata,noexec
     5                           	psect	udata_bank1,global,class=BANK1,space=1,delta=1,lowdata,noexec
     6                           	psect	udata_bank2,global,class=BANK2,space=1,delta=1,lowdata,noexec
     7                           	psect	udata_bank3,global,class=BANK3,space=1,delta=1,lowdata,noexec
     8                           	psect	udata_bank4,global,class=BANK4,space=1,delta=1,lowdata,noexec
     9                           	psect	udata_bank5,global,class=BANK5,space=1,delta=1,lowdata,noexec
    10                           	psect	udata_bank6,global,class=BANK6,space=1,delta=1,lowdata,noexec
    11                           	psect	udata_bank7,global,class=BANK7,space=1,delta=1,lowdata,noexec
    12                           	psect	udata_bank8,global,class=BANK8,space=1,delta=1,lowdata,noexec
    13                           	psect	udata_bank9,global,class=BANK9,space=1,delta=1,lowdata,noexec
    14                           	psect	udata_bank10,global,class=BANK10,space=1,delta=1,lowdata,noexec
    15                           	psect	udata_bank11,global,class=BANK11,space=1,delta=1,lowdata,noexec
    16                           	psect	udata_bank12,global,class=BANK12,space=1,delta=1,lowdata,noexec
    17                           	psect	udata_bank13,global,class=BANK13,space=1,delta=1,lowdata,noexec
    18                           	psect	udata_bank14,global,class=BANK14,space=1,delta=1,lowdata,noexec
    19                           	psect	udata_bank15,global,class=BANK15,space=1,delta=1,lowdata,noexec
    20                           	psect	udata,global,class=RAM,space=1,delta=1,noexec
    21                           	psect	code,global,reloc=2,class=CODE,delta=1
    22                           	psect	data,global,reloc=2,class=CONST,delta=1,noexec
    23                           	psect	edata,global,class=EEDATA,space=3,delta=2,noexec
    24                           	psect	timer_setup_code,global,class=CODE,delta=1
    25   000000                     
    26                           	psect	udata_acs
    27   000035                     timer_counter:
    28   000035                     	ds	1
    29                           
    30                           	psect	edata
    31   000000                     stk_offset	set	0
    32   000000                     auto_size	set	0
    33                           
    34                           ; stack_auto defines a symbol /name/_offset which equates to the
    35                           ; stack offset of the auto object in question
    36   000000                     
    37                           ; stack_param defines a symbol /name/_offset which equates to the
    38                           ; stack offset of the parameter object in question
    39   000000                     
    40                           ; alloc_stack adjusts the SP to allocate space for auto objects
    41                           ; it also links in to the btemp symbol so that can be used
    42   000000                     
    43                           ; restore_stack adjusts the SP to remove all auto and parameter
    44                           ; objects from the stack prior to returning from a function
    45   000000                     
    46                           	psect	timer_setup_code
    47   01C56C                     timer_interrupt:
    48                           	callstack 0
    49   01C56C  ECB9  F0E2         	call	timer_0_interrupt
    50                           
    51                           ; call timer_1_interrupt
    52   01C570  0011               	retfie		f
    53   01C572                     timer_0_interrupt:
    54   01C572  A4F2               	btfss	242,2,c	; check that this is timer0 interrupt
    55   01C574  0012               	return		; if not then return
    56   01C576  94F2               	bcf	242,2,c
    57   01C578  2B35               	incf	timer_counter,f,b
    58   01C57A  0EF4               	movlw	244
    59                           
    60                           ; movlw 20
    61   01C57C  6335               	cpfseq	timer_counter,b
    62   01C57E  0012               	return	
    63   01C580  0E00               	movlw	0
    64   01C582  6F35               	movwf	timer_counter,b
    65   01C584  1E84               	comf	3972,f,c
    66   01C586  EC26  F0E3         	call	update_time	; updates the second, minute, and hour variable
    67   01C58A  0012               	return		; return from interrupt
    68   01C58C                     timer_setup:
    69                           	callstack 0
    70   01C58C  0E00               	movlw	0
    71   01C58E  6F35               	movwf	timer_counter,b
    72   01C590  0E88               	movlw	136
    73   01C592  6ED5               	movwf	4053,c
    74                           
    75                           ; movlw 00110111B
    76                           ; movwf T1CON, A
    77   01C594  8AF2               	bsf	242,5,c	; Enable timer0 interrupt
    78                           
    79                           ; bsf ((INTCON) and 0FFh), 6, a
    80                           ; bsf ((PIE1) and 0FFh), 0, a
    81   01C596  8EF2               	bsf	242,7,c	; Enable all interrupts
    82   01C598  0012               	return	
    83                           tosu	equ	0xFFF
    84                           tosh	equ	0xFFE
    85                           tosl	equ	0xFFD
    86                           stkptr	equ	0xFFC
    87                           pclatu	equ	0xFFB
    88                           pclath	equ	0xFFA
    89                           pcl	equ	0xFF9
    90                           tblptru	equ	0xFF8
    91                           tblptrh	equ	0xFF7
    92                           tblptrl	equ	0xFF6
    93                           tablat	equ	0xFF5
    94                           prodh	equ	0xFF4
    95                           prodl	equ	0xFF3
    96                           indf0	equ	0xFEF
    97                           postinc0	equ	0xFEE
    98                           postdec0	equ	0xFED
    99                           preinc0	equ	0xFEC
   100                           plusw0	equ	0xFEB
   101                           fsr0h	equ	0xFEA
   102                           fsr0l	equ	0xFE9
   103                           wreg	equ	0xFE8
   104                           indf1	equ	0xFE7
   105                           postinc1	equ	0xFE6
   106                           postdec1	equ	0xFE5
   107                           preinc1	equ	0xFE4
   108                           plusw1	equ	0xFE3
   109                           fsr1h	equ	0xFE2
   110                           fsr1l	equ	0xFE1
   111                           bsr	equ	0xFE0
   112                           indf2	equ	0xFDF
   113                           postinc2	equ	0xFDE
   114                           postdec2	equ	0xFDD
   115                           preinc2	equ	0xFDC
   116                           plusw2	equ	0xFDB
   117                           fsr2h	equ	0xFDA
   118                           fsr2l	equ	0xFD9
   119                           status	equ	0xFD8


Microchip Technology PIC18 Macro Assembler V2.40 build 20220703182018 
Symbol Table                                                                                               Fri Dec 16 10:49:54 2022

                   timer_counter 0035                              hour 002A                             T0CON 000FD5  
                           PORTE 000F84                            INTCON 000FF2                   timer_interrupt C56C  
                          minute 0029                            second 0028                 timer_0_interrupt C572  
                         isa$std 000001                       timer_setup C58C                       update_time C64C  
                     sound_alarm E478                         isa$xinst 000000  
