

Microchip MPLAB XC8 Assembler V2.40 build 20220703182018 
                                                                                                           Mon Dec 12 11:44:34 2022


     1                           	processor	18F87K22
     2                           	pagewidth 132
     3                           	psect	udata_acs,global,class=COMRAM,space=1,delta=1,lowdata,noexec
     4                           	psect	udata_bank0,global,class=BANK0,space=1,delta=1,lowdata,noexec
     5                           	psect	udata_bank1,global,class=BANK1,space=1,delta=1,lowdata,noexec
     6                           	psect	udata_bank2,global,class=BANK2,space=1,delta=1,lowdata,noexec
     7                           	psect	udata_bank3,global,class=BANK3,space=1,delta=1,lowdata,noexec
     8                           	psect	udata_bank4,global,class=BANK4,space=1,delta=1,lowdata,noexec
     9                           	psect	udata_bank5,global,class=BANK5,space=1,delta=1,lowdata,noexec
    10                           	psect	udata_bank6,global,class=BANK6,space=1,delta=1,lowdata,noexec
    11                           	psect	udata_bank7,global,class=BANK7,space=1,delta=1,lowdata,noexec
    12                           	psect	udata_bank8,global,class=BANK8,space=1,delta=1,lowdata,noexec
    13                           	psect	udata_bank9,global,class=BANK9,space=1,delta=1,lowdata,noexec
    14                           	psect	udata_bank10,global,class=BANK10,space=1,delta=1,lowdata,noexec
    15                           	psect	udata_bank11,global,class=BANK11,space=1,delta=1,lowdata,noexec
    16                           	psect	udata_bank12,global,class=BANK12,space=1,delta=1,lowdata,noexec
    17                           	psect	udata_bank13,global,class=BANK13,space=1,delta=1,lowdata,noexec
    18                           	psect	udata_bank14,global,class=BANK14,space=1,delta=1,lowdata,noexec
    19                           	psect	udata_bank15,global,class=BANK15,space=1,delta=1,lowdata,noexec
    20                           	psect	udata,global,class=RAM,space=1,delta=1,noexec
    21                           	psect	code,global,reloc=2,class=CODE,delta=1
    22                           	psect	data,global,reloc=2,class=CONST,delta=1,noexec
    23                           	psect	edata,global,class=EEDATA,space=3,delta=2,noexec
    24                           	psect	uart_code,global,class=CODE,delta=1
    25   000000                     
    26                           	psect	udata_acs
    27   000037                     UART_counter:
    28   000037                     	ds	1	; reserve 1 byte for variable UART_counter
    29                           
    30                           	psect	edata
    31   000000                     stk_offset	set	0
    32   000000                     auto_size	set	0
    33                           
    34                           ; stack_auto defines a symbol /name/_offset which equates to the
    35                           ; stack offset of the auto object in question
    36   000000                     
    37                           ; stack_param defines a symbol /name/_offset which equates to the
    38                           ; stack offset of the parameter object in question
    39   000000                     
    40                           ; alloc_stack adjusts the SP to allocate space for auto objects
    41                           ; it also links in to the btemp symbol so that can be used
    42   000000                     
    43                           ; restore_stack adjusts the SP to remove all auto and parameter
    44                           ; objects from the stack prior to returning from a function
    45   000000                     
    46                           	psect	uart_code
    47   01C6A4                     UART_Setup:
    48                           	callstack 0
    49   01C6A4  8EAB               	bsf	171,7,c	; enable
    50   01C6A6  98AC               	bcf	172,4,c	; synchronous
    51   01C6A8  94AC               	bcf	172,2,c	; slow speed
    52   01C6AA  8AAC               	bsf	172,5,c	; enable transmit
    53   01C6AC  9665               	bcf	101,3,c	; 8-bit generator only
    54   01C6AE  0E67               	movlw	103	; gives 9600 Baud rate (actually 9615)
    55   01C6B0  6EAF               	movwf	4015,c	; set baud rate
    56   01C6B2  8C94               	bsf	3988,6,c	; ((PORTC) and 0FFh), 6, a pin is output on ((PORTC) and 0FFh), 6, a pin
    57                           
    58                           ; must set ((TRISC) and 0FFh), 6, a to 1
    59   01C6B4  0012               	return	
    60   01C6B6                     UART_Transmit_Message:
    61                           	callstack 0
    62                           
    63                           ; Message stored at FSR2, length stored in W
    64   01C6B6  6E37               	movwf	UART_counter,c
    65   01C6B8                     UART_Loop_message:
    66   01C6B8  50DE               	movf	postinc2,w,c
    67   01C6BA  EC62  F0E3         	call	UART_Transmit_Byte
    68   01C6BE  2E37               	decfsz	UART_counter,f,c
    69   01C6C0  D7FB               	bra	UART_Loop_message
    70   01C6C2  0012               	return	
    71   01C6C4                     UART_Transmit_Byte:
    72                           
    73                           ; Transmits byte stored in W
    74   01C6C4  A89E               	btfss	158,4,c	; ((PIR1) and 0FFh), 4, a is set when TXREG1 is empty
    75   01C6C6  D7FE               	bra	UART_Transmit_Byte
    76   01C6C8  6EAD               	movwf	4013,c
    77   01C6CA  0012               	return	
    78                           tosu	equ	0xFFF
    79                           tosh	equ	0xFFE
    80                           tosl	equ	0xFFD
    81                           stkptr	equ	0xFFC
    82                           pclatu	equ	0xFFB
    83                           pclath	equ	0xFFA
    84                           pcl	equ	0xFF9
    85                           tblptru	equ	0xFF8
    86                           tblptrh	equ	0xFF7
    87                           tblptrl	equ	0xFF6
    88                           tablat	equ	0xFF5
    89                           prodh	equ	0xFF4
    90                           prodl	equ	0xFF3
    91                           indf0	equ	0xFEF
    92                           postinc0	equ	0xFEE
    93                           postdec0	equ	0xFED
    94                           preinc0	equ	0xFEC
    95                           plusw0	equ	0xFEB
    96                           fsr0h	equ	0xFEA
    97                           fsr0l	equ	0xFE9
    98                           wreg	equ	0xFE8
    99                           indf1	equ	0xFE7
   100                           postinc1	equ	0xFE6
   101                           postdec1	equ	0xFE5
   102                           preinc1	equ	0xFE4
   103                           plusw1	equ	0xFE3
   104                           fsr1h	equ	0xFE2
   105                           fsr1l	equ	0xFE1
   106                           bsr	equ	0xFE0
   107                           indf2	equ	0xFDF
   108                           postinc2	equ	0xFDE
   109                           postdec2	equ	0xFDD
   110                           preinc2	equ	0xFDC
   111                           plusw2	equ	0xFDB
   112                           fsr2h	equ	0xFDA
   113                           fsr2l	equ	0xFD9
   114                           status	equ	0xFD8


Microchip Technology PIC18 Macro Assembler V2.40 build 20220703182018 
Symbol Table                                                                                               Mon Dec 12 11:44:34 2022

                            PIR1 000F9E                             TRISC 000F94                            RCSTA1 000FAB  
                          SPBRG1 000FAF                            TXREG1 000FAD                            TXSTA1 000FAC  
                         isa$std 000001                          BAUDCON1 000F65                          POSTINC2 000FDE  
                      UART_Setup C6A4                      UART_counter 0037             UART_Transmit_Message C6B6  
               UART_Loop_message C6B8                UART_Transmit_Byte C6C4                    PORTC_TX1_POSN 000006  
                       isa$xinst 000000  
